<?xml version="1.0" encoding="UTF-8"?>
<testsuite xmlns:xsi="http://www.w3.org/2001/XMLSchema-instance" xsi:noNamespaceSchemaLocation="https://maven.apache.org/surefire/maven-surefire-plugin/xsd/surefire-test-report-3.0.xsd" version="3.0" name="e2e.GracefulShutdownE2ETest$SnapshotFileTests" time="4.497" tests="2" errors="0" skipped="0" failures="0">
  <properties>
[...]
</properties>
  <testcase name="shutdownCreatesSnapshotFileAtConfiguredPath" classname="e2e.GracefulShutdownE2ETest$SnapshotFileTests" time="0.35">
    <system-out><![CDATA[
  .   ____          _            __ _ _
 /\\ / ___'_ __ _ _(_)_ __  __ _ \ \ \ \
( ( )\___ | '_ | '_| | '_ \/ _` | \ \ \ \
 \\/  ___)| |_)| | | | | || (_| |  ) ) ) )
  '  |____| .__|_| |_|_| |_\__, | / / / /
 =========|_|==============|___/=/_/_/_/
 :: Spring Boot ::                (v3.2.5)

2026-05-17T18:06:00.613+05:30  INFO 264684 --- [service-dependency-analyzer] [           main] e2e.GracefulShutdownE2ETest              : Starting GracefulShutdownE2ETest using Java 21.0.10 with PID 264684 (started by abhilash in /home/abhilash/Documents/assignment/Service Dependency Analyzer/Service-Dependency-Analyzer)
2026-05-17T18:06:00.613+05:30  INFO 264684 --- [service-dependency-analyzer] [           main] e2e.GracefulShutdownE2ETest              : The following 1 profile is active: "e2e"
2026-05-17T18:06:02.904+05:30  INFO 264684 --- [service-dependency-analyzer] [           main] o.s.b.w.embedded.tomcat.TomcatWebServer  : Tomcat initialized with port 0 (http)
2026-05-17T18:06:02.906+05:30  INFO 264684 --- [service-dependency-analyzer] [           main] o.apache.catalina.core.StandardService   : Starting service [Tomcat]
2026-05-17T18:06:02.906+05:30  INFO 264684 --- [service-dependency-analyzer] [           main] o.apache.catalina.core.StandardEngine    : Starting Servlet engine: [Apache Tomcat/10.1.20]
2026-05-17T18:06:02.990+05:30  INFO 264684 --- [service-dependency-analyzer] [           main] o.a.c.c.C.[Tomcat-1].[localhost].[/]     : Initializing Spring embedded WebApplicationContext
2026-05-17T18:06:02.990+05:30  INFO 264684 --- [service-dependency-analyzer] [           main] w.s.c.ServletWebServerApplicationContext : Root WebApplicationContext: initialization completed in 2373 ms
2026-05-17T18:06:03.206+05:30  INFO 264684 --- [service-dependency-analyzer] [           main] c.d.graph.ingestion.EventQueueManager    : EventQueueManager initialised with capacity=500
2026-05-17T18:06:03.342+05:30  INFO 264684 --- [service-dependency-analyzer] [           main] c.d.graph.persistence.SnapshotManager    : Snapshot load started path=/tmp/graceful-shutdown-e2e-test.json
2026-05-17T18:06:03.410+05:30  INFO 264684 --- [service-dependency-analyzer] [           main] c.d.graph.persistence.SnapshotManager    : Snapshot loaded: edges=20 services=0 eventIds=20 capturedAt=2026-05-17T12:31:53.692280491Z
2026-05-17T18:06:03.410+05:30  INFO 264684 --- [service-dependency-analyzer] [           main] c.d.graph.persistence.SnapshotManager    : Snapshot interval=0 — periodic saves disabled; shutdown save still active
2026-05-17T18:06:03.417+05:30  INFO 264684 --- [service-dependency-analyzer] [nt-consumer-138] c.d.graph.ingestion.EventConsumer        : Consumer thread started thread=event-consumer-138
2026-05-17T18:06:03.417+05:30  INFO 264684 --- [service-dependency-analyzer] [           main] c.d.graph.ingestion.EventConsumer        : EventConsumer started with 2 consumer threads
2026-05-17T18:06:03.419+05:30  INFO 264684 --- [service-dependency-analyzer] [nt-consumer-139] c.d.graph.ingestion.EventConsumer        : Consumer thread started thread=event-consumer-139
2026-05-17T18:06:04.054+05:30  INFO 264684 --- [service-dependency-analyzer] [           main] o.s.b.a.e.web.EndpointLinksResolver      : Exposing 1 endpoint(s) beneath base path '/actuator'
2026-05-17T18:06:04.124+05:30  INFO 264684 --- [service-dependency-analyzer] [           main] o.s.b.w.embedded.tomcat.TomcatWebServer  : Tomcat started on port 45511 (http) with context path ''
2026-05-17T18:06:04.168+05:30  INFO 264684 --- [service-dependency-analyzer] [           main] e2e.GracefulShutdownE2ETest              : Started GracefulShutdownE2ETest in 3.643 seconds (process running for 45.624)
2026-05-17T18:06:04.273+05:30  INFO 264684 --- [service-dependency-analyzer] [o-auto-2-exec-1] o.a.c.c.C.[Tomcat-1].[localhost].[/]     : Initializing Spring DispatcherServlet 'dispatcherServlet'
2026-05-17T18:06:04.275+05:30  INFO 264684 --- [service-dependency-analyzer] [o-auto-2-exec-1] o.s.web.servlet.DispatcherServlet        : Initializing Servlet 'dispatcherServlet'
2026-05-17T18:06:04.278+05:30  INFO 264684 --- [service-dependency-analyzer] [o-auto-2-exec-1] o.s.web.servlet.DispatcherServlet        : Completed initialization in 2 ms
2026-05-17T18:06:04.303+05:30  INFO 264684 --- [service-dependency-analyzer] [o-auto-2-exec-1] c.d.graph.ingestion.IngestionService     : Publishing single event eventId=143ec722-6147-4a8d-a844-a47c2254106e type=DEPENDENCY_OBSERVED source=file-svc-A target=file-svc-B
2026-05-17T18:06:04.438+05:30  INFO 264684 --- [service-dependency-analyzer] [           main] c.d.graph.persistence.SnapshotManager    : Snapshot save started path=/tmp/graceful-shutdown-e2e-test.json
2026-05-17T18:06:04.493+05:30  INFO 264684 --- [service-dependency-analyzer] [           main] c.d.graph.persistence.SnapshotManager    : Snapshot save completed edges=1 services=0 eventIds=1 durationMs=55 path=/tmp/graceful-shutdown-e2e-test.json
]]></system-out>
  </testcase>
  <testcase name="snapshotFileContainsExpectedEdgeCountAndTimestamp" classname="e2e.GracefulShutdownE2ETest$SnapshotFileTests" time="0.428">
    <system-out><![CDATA[2026-05-17T18:06:04.620+05:30  INFO 264684 --- [service-dependency-analyzer] [o-auto-2-exec-2] c.d.graph.ingestion.IngestionService     : Publishing single event eventId=0ab7acbb-3de7-4b53-ad06-e08d5ace981a type=DEPENDENCY_OBSERVED source=snap-src-0 target=snap-sink
2026-05-17T18:06:04.662+05:30  INFO 264684 --- [service-dependency-analyzer] [o-auto-2-exec-3] c.d.graph.ingestion.IngestionService     : Publishing single event eventId=cf1156a1-e360-40d6-86fd-49fc0b515efb type=DEPENDENCY_OBSERVED source=snap-src-1 target=snap-sink
2026-05-17T18:06:04.687+05:30  INFO 264684 --- [service-dependency-analyzer] [o-auto-2-exec-4] c.d.graph.ingestion.IngestionService     : Publishing single event eventId=0f8bfd80-e032-4f72-a1d0-078355333402 type=DEPENDENCY_OBSERVED source=snap-src-2 target=snap-sink
2026-05-17T18:06:04.706+05:30  INFO 264684 --- [service-dependency-analyzer] [o-auto-2-exec-5] c.d.graph.ingestion.IngestionService     : Publishing single event eventId=acbe220c-6fd6-416e-aed1-0c6eaa68275f type=DEPENDENCY_OBSERVED source=snap-src-3 target=snap-sink
2026-05-17T18:06:04.720+05:30  INFO 264684 --- [service-dependency-analyzer] [o-auto-2-exec-6] c.d.graph.ingestion.IngestionService     : Publishing single event eventId=61600b0e-0a41-40c2-bf5b-be179ca3d31b type=DEPENDENCY_OBSERVED source=snap-src-4 target=snap-sink
2026-05-17T18:06:04.745+05:30  INFO 264684 --- [service-dependency-analyzer] [o-auto-2-exec-7] c.d.graph.ingestion.IngestionService     : Publishing single event eventId=5fb27c32-1631-45e2-a6c9-9c35ca246289 type=DEPENDENCY_OBSERVED source=snap-src-5 target=snap-sink
2026-05-17T18:06:04.769+05:30  INFO 264684 --- [service-dependency-analyzer] [o-auto-2-exec-9] c.d.graph.ingestion.IngestionService     : Publishing single event eventId=ed548c82-1006-4aaa-8dbd-a986f27495a2 type=DEPENDENCY_OBSERVED source=snap-src-6 target=snap-sink
2026-05-17T18:06:04.789+05:30  INFO 264684 --- [service-dependency-analyzer] [-auto-2-exec-10] c.d.graph.ingestion.IngestionService     : Publishing single event eventId=af609415-7f33-4844-a81b-88890c078b14 type=DEPENDENCY_OBSERVED source=snap-src-7 target=snap-sink
2026-05-17T18:06:04.921+05:30  INFO 264684 --- [service-dependency-analyzer] [           main] c.d.graph.persistence.SnapshotManager    : Snapshot save started path=/tmp/graceful-shutdown-e2e-test.json
2026-05-17T18:06:04.935+05:30  INFO 264684 --- [service-dependency-analyzer] [           main] c.d.graph.persistence.SnapshotManager    : Snapshot save completed edges=8 services=0 eventIds=8 durationMs=13 path=/tmp/graceful-shutdown-e2e-test.json
]]></system-out>
  </testcase>
</testsuite>