<?xml version="1.0" encoding="UTF-8"?>
<testsuite xmlns:xsi="http://www.w3.org/2001/XMLSchema-instance" xsi:noNamespaceSchemaLocation="https://maven.apache.org/surefire/maven-surefire-plugin/xsd/surefire-test-report-3.0.xsd" version="3.0" name="e2e.IngestionPipelineE2ETest$ConcurrencyTests" time="0.933" tests="2" errors="0" skipped="0" failures="0">
  <properties>
[...]
</properties>
  <testcase name="concurrentPublishersAllEventsProcessed" classname="e2e.IngestionPipelineE2ETest$ConcurrencyTests" time="0.838">
    <system-out><![CDATA[2026-05-17T21:28:03.973+05:30  INFO 346122 --- [service-dependency-analyzer] [o-auto-1-exec-2] c.d.graph.ingestion.IngestionService     : Publishing single event eventId=b917c056-7a83-4889-9019-45d5e8160e3f type=DEPENDENCY_OBSERVED source=concurrent-src-0 target=concurrent-tgt-0
2026-05-17T21:28:03.980+05:30  INFO 346122 --- [service-dependency-analyzer] [o-auto-1-exec-3] c.d.graph.ingestion.IngestionService     : Publishing single event eventId=f2a1728d-02ef-4ab6-8a64-e9c5ed2d169c type=DEPENDENCY_OBSERVED source=concurrent-src-2 target=concurrent-tgt-0
2026-05-17T21:28:03.984+05:30  INFO 346122 --- [service-dependency-analyzer] [o-auto-1-exec-4] c.d.graph.ingestion.IngestionService     : Publishing single event eventId=35a05ddf-9865-4e04-9ad6-e93aa9958672 type=DEPENDENCY_OBSERVED source=concurrent-src-1 target=concurrent-tgt-0
2026-05-17T21:28:03.987+05:30  INFO 346122 --- [service-dependency-analyzer] [o-auto-1-exec-5] c.d.graph.ingestion.IngestionService     : Publishing single event eventId=c3193e8e-9bc6-4106-b7d0-b8ec52f94ade type=DEPENDENCY_OBSERVED source=concurrent-src-0 target=concurrent-tgt-1
2026-05-17T21:28:03.996+05:30  INFO 346122 --- [service-dependency-analyzer] [o-auto-1-exec-6] c.d.graph.ingestion.IngestionService     : Publishing single event eventId=a2bd6c36-1a3a-48b1-a486-c0aa1b50c811 type=DEPENDENCY_OBSERVED source=concurrent-src-2 target=concurrent-tgt-1
2026-05-17T21:28:04.002+05:30  INFO 346122 --- [service-dependency-analyzer] [o-auto-1-exec-6] c.d.graph.ingestion.IngestionService     : Publishing single event eventId=c523199e-82ad-4692-b246-32b6d5b3e5e9 type=DEPENDENCY_OBSERVED source=concurrent-src-0 target=concurrent-tgt-2
2026-05-17T21:28:04.003+05:30  INFO 346122 --- [service-dependency-analyzer] [o-auto-1-exec-7] c.d.graph.ingestion.IngestionService     : Publishing single event eventId=9e2bd462-3667-4ada-97f0-79ae0fad2529 type=DEPENDENCY_OBSERVED source=concurrent-src-1 target=concurrent-tgt-1
2026-05-17T21:28:04.006+05:30  INFO 346122 --- [service-dependency-analyzer] [o-auto-1-exec-8] c.d.graph.ingestion.IngestionService     : Publishing single event eventId=82b87f85-5cd9-40c1-83fa-dc66efc0fe3b type=DEPENDENCY_OBSERVED source=concurrent-src-2 target=concurrent-tgt-2
2026-05-17T21:28:04.010+05:30  INFO 346122 --- [service-dependency-analyzer] [-auto-1-exec-10] c.d.graph.ingestion.IngestionService     : Publishing single event eventId=95c57bc1-4fe6-4c0f-8931-aba899aa209b type=DEPENDENCY_OBSERVED source=concurrent-src-0 target=concurrent-tgt-3
2026-05-17T21:28:04.020+05:30  INFO 346122 --- [service-dependency-analyzer] [o-auto-1-exec-2] c.d.graph.ingestion.IngestionService     : Publishing single event eventId=3361063e-32d5-4515-9cd7-125be2aa51fd type=DEPENDENCY_OBSERVED source=concurrent-src-2 target=concurrent-tgt-3
2026-05-17T21:28:04.021+05:30  INFO 346122 --- [service-dependency-analyzer] [o-auto-1-exec-1] c.d.graph.ingestion.IngestionService     : Publishing single event eventId=950da62d-a162-4e56-a285-18268437aa60 type=DEPENDENCY_OBSERVED source=concurrent-src-1 target=concurrent-tgt-2
2026-05-17T21:28:04.028+05:30  INFO 346122 --- [service-dependency-analyzer] [o-auto-1-exec-3] c.d.graph.ingestion.IngestionService     : Publishing single event eventId=8aa68771-9d56-4d2a-85bd-b32bbcfd386b type=DEPENDENCY_OBSERVED source=concurrent-src-0 target=concurrent-tgt-4
2026-05-17T21:28:04.036+05:30  INFO 346122 --- [service-dependency-analyzer] [o-auto-1-exec-5] c.d.graph.ingestion.IngestionService     : Publishing single event eventId=56279a76-620e-4bbc-9848-7e36343324f9 type=DEPENDENCY_OBSERVED source=concurrent-src-2 target=concurrent-tgt-4
2026-05-17T21:28:04.041+05:30  INFO 346122 --- [service-dependency-analyzer] [o-auto-1-exec-4] c.d.graph.ingestion.IngestionService     : Publishing single event eventId=87941b33-77c6-45cd-ac02-8ffcfd48e860 type=DEPENDENCY_OBSERVED source=concurrent-src-1 target=concurrent-tgt-3
2026-05-17T21:28:04.046+05:30  INFO 346122 --- [service-dependency-analyzer] [o-auto-1-exec-9] c.d.graph.ingestion.IngestionService     : Publishing single event eventId=9ff02cba-413f-4817-93ff-2c04b2fe8c03 type=DEPENDENCY_OBSERVED source=concurrent-src-2 target=concurrent-tgt-5
2026-05-17T21:28:04.048+05:30  INFO 346122 --- [service-dependency-analyzer] [o-auto-1-exec-6] c.d.graph.ingestion.IngestionService     : Publishing single event eventId=45f11e73-89bb-4d02-9b47-1c42e953a9cb type=DEPENDENCY_OBSERVED source=concurrent-src-0 target=concurrent-tgt-5
2026-05-17T21:28:04.057+05:30  INFO 346122 --- [service-dependency-analyzer] [o-auto-1-exec-7] c.d.graph.ingestion.IngestionService     : Publishing single event eventId=d3a49d72-5692-46be-8251-d56c1ccdd6cd type=DEPENDENCY_OBSERVED source=concurrent-src-2 target=concurrent-tgt-6
2026-05-17T21:28:04.060+05:30  INFO 346122 --- [service-dependency-analyzer] [o-auto-1-exec-8] c.d.graph.ingestion.IngestionService     : Publishing single event eventId=0ee049b1-2cc8-41fe-981b-02478d88e126 type=DEPENDENCY_OBSERVED source=concurrent-src-0 target=concurrent-tgt-6
2026-05-17T21:28:04.062+05:30  INFO 346122 --- [service-dependency-analyzer] [-auto-1-exec-10] c.d.graph.ingestion.IngestionService     : Publishing single event eventId=c8f10216-d08a-4687-aca7-f2d074cd04b2 type=DEPENDENCY_OBSERVED source=concurrent-src-1 target=concurrent-tgt-4
2026-05-17T21:28:04.073+05:30  INFO 346122 --- [service-dependency-analyzer] [o-auto-1-exec-2] c.d.graph.ingestion.IngestionService     : Publishing single event eventId=236a7404-8f93-466c-97c0-642314d30919 type=DEPENDENCY_OBSERVED source=concurrent-src-2 target=concurrent-tgt-7
2026-05-17T21:28:04.079+05:30  INFO 346122 --- [service-dependency-analyzer] [o-auto-1-exec-1] c.d.graph.ingestion.IngestionService     : Publishing single event eventId=802a060c-9634-4983-a53d-dd5d291c63ee type=DEPENDENCY_OBSERVED source=concurrent-src-1 target=concurrent-tgt-5
2026-05-17T21:28:04.081+05:30  INFO 346122 --- [service-dependency-analyzer] [o-auto-1-exec-3] c.d.graph.ingestion.IngestionService     : Publishing single event eventId=c2684eeb-04e0-4d3b-8ac6-28976715dfb8 type=DEPENDENCY_OBSERVED source=concurrent-src-0 target=concurrent-tgt-7
2026-05-17T21:28:04.088+05:30  INFO 346122 --- [service-dependency-analyzer] [o-auto-1-exec-5] c.d.graph.ingestion.IngestionService     : Publishing single event eventId=54663a36-1cb9-4391-af4b-b6c63ef3a6bb type=DEPENDENCY_OBSERVED source=concurrent-src-2 target=concurrent-tgt-8
2026-05-17T21:28:04.093+05:30  INFO 346122 --- [service-dependency-analyzer] [o-auto-1-exec-4] c.d.graph.ingestion.IngestionService     : Publishing single event eventId=903fbc29-b6f2-41c3-95ef-50c3e5b1c5bf type=DEPENDENCY_OBSERVED source=concurrent-src-0 target=concurrent-tgt-8
2026-05-17T21:28:04.098+05:30  INFO 346122 --- [service-dependency-analyzer] [o-auto-1-exec-5] c.d.graph.ingestion.IngestionService     : Publishing single event eventId=899b7827-e861-4fff-8082-2ae99e8733ee type=DEPENDENCY_OBSERVED source=concurrent-src-1 target=concurrent-tgt-6
2026-05-17T21:28:04.100+05:30  INFO 346122 --- [service-dependency-analyzer] [o-auto-1-exec-9] c.d.graph.ingestion.IngestionService     : Publishing single event eventId=1644c2d0-3ded-4973-9693-f9f3e7a4bf3a type=DEPENDENCY_OBSERVED source=concurrent-src-2 target=concurrent-tgt-9
2026-05-17T21:28:04.106+05:30  INFO 346122 --- [service-dependency-analyzer] [o-auto-1-exec-7] c.d.graph.ingestion.IngestionService     : Publishing single event eventId=c4840639-59e4-4b51-8964-fe1ae6b361bc type=DEPENDENCY_OBSERVED source=concurrent-src-0 target=concurrent-tgt-9
2026-05-17T21:28:04.112+05:30  INFO 346122 --- [service-dependency-analyzer] [-auto-1-exec-10] c.d.graph.ingestion.IngestionService     : Publishing single event eventId=d11fe081-a27e-4f9d-9b79-9ebf887aa261 type=DEPENDENCY_OBSERVED source=concurrent-src-1 target=concurrent-tgt-7
2026-05-17T21:28:04.116+05:30  INFO 346122 --- [service-dependency-analyzer] [o-auto-1-exec-7] c.d.graph.ingestion.IngestionService     : Publishing single event eventId=b64a0872-4805-45a1-a8b3-dfc238f43aec type=DEPENDENCY_OBSERVED source=concurrent-src-2 target=concurrent-tgt-10
2026-05-17T21:28:04.118+05:30  INFO 346122 --- [service-dependency-analyzer] [o-auto-1-exec-2] c.d.graph.ingestion.IngestionService     : Publishing single event eventId=6ea7bfa5-4977-42a6-8be1-1b29d86031f7 type=DEPENDENCY_OBSERVED source=concurrent-src-0 target=concurrent-tgt-10
2026-05-17T21:28:04.134+05:30  INFO 346122 --- [service-dependency-analyzer] [o-auto-1-exec-3] c.d.graph.ingestion.IngestionService     : Publishing single event eventId=50c7b070-58d1-4667-9e15-d2f55ae92561 type=DEPENDENCY_OBSERVED source=concurrent-src-2 target=concurrent-tgt-11
2026-05-17T21:28:04.135+05:30  INFO 346122 --- [service-dependency-analyzer] [o-auto-1-exec-1] c.d.graph.ingestion.IngestionService     : Publishing single event eventId=d8be66bb-f626-48d6-9230-b561bb321883 type=DEPENDENCY_OBSERVED source=concurrent-src-1 target=concurrent-tgt-8
2026-05-17T21:28:04.137+05:30  INFO 346122 --- [service-dependency-analyzer] [o-auto-1-exec-6] c.d.graph.ingestion.IngestionService     : Publishing single event eventId=86938455-2001-4594-be48-da703c64ee0f type=DEPENDENCY_OBSERVED source=concurrent-src-0 target=concurrent-tgt-11
2026-05-17T21:28:04.151+05:30  INFO 346122 --- [service-dependency-analyzer] [o-auto-1-exec-4] c.d.graph.ingestion.IngestionService     : Publishing single event eventId=95ca815c-9605-4879-9daa-b0a8bd79dd9c type=DEPENDENCY_OBSERVED source=concurrent-src-0 target=concurrent-tgt-12
2026-05-17T21:28:04.153+05:30  INFO 346122 --- [service-dependency-analyzer] [o-auto-1-exec-9] c.d.graph.ingestion.IngestionService     : Publishing single event eventId=51502c7d-8e76-49b7-a7ee-5697c4ebc732 type=DEPENDENCY_OBSERVED source=concurrent-src-2 target=concurrent-tgt-12
2026-05-17T21:28:04.154+05:30  INFO 346122 --- [service-dependency-analyzer] [o-auto-1-exec-5] c.d.graph.ingestion.IngestionService     : Publishing single event eventId=af5aa9b9-d6f3-43cd-b21e-6bbe4e675561 type=DEPENDENCY_OBSERVED source=concurrent-src-1 target=concurrent-tgt-9
2026-05-17T21:28:04.166+05:30  INFO 346122 --- [service-dependency-analyzer] [o-auto-1-exec-8] c.d.graph.ingestion.IngestionService     : Publishing single event eventId=6fc072b9-9c2d-4209-94b8-dcc29fbb59ec type=DEPENDENCY_OBSERVED source=concurrent-src-0 target=concurrent-tgt-13
2026-05-17T21:28:04.166+05:30  INFO 346122 --- [service-dependency-analyzer] [o-auto-1-exec-2] c.d.graph.ingestion.IngestionService     : Publishing single event eventId=68196f0c-fab7-4073-8195-e264e3d99158 type=DEPENDENCY_OBSERVED source=concurrent-src-2 target=concurrent-tgt-13
2026-05-17T21:28:04.170+05:30  INFO 346122 --- [service-dependency-analyzer] [-auto-1-exec-10] c.d.graph.ingestion.IngestionService     : Publishing single event eventId=ddba557e-d833-480b-8bc7-68eb02ff8448 type=DEPENDENCY_OBSERVED source=concurrent-src-1 target=concurrent-tgt-10
2026-05-17T21:28:04.178+05:30  INFO 346122 --- [service-dependency-analyzer] [o-auto-1-exec-7] c.d.graph.ingestion.IngestionService     : Publishing single event eventId=14554f38-3a47-4e4a-a382-5e5d5b687d91 type=DEPENDENCY_OBSERVED source=concurrent-src-2 target=concurrent-tgt-14
2026-05-17T21:28:04.178+05:30  INFO 346122 --- [service-dependency-analyzer] [o-auto-1-exec-3] c.d.graph.ingestion.IngestionService     : Publishing single event eventId=e705e1cd-3585-47f3-a567-a476b22ed94e type=DEPENDENCY_OBSERVED source=concurrent-src-0 target=concurrent-tgt-14
2026-05-17T21:28:04.184+05:30  INFO 346122 --- [service-dependency-analyzer] [o-auto-1-exec-1] c.d.graph.ingestion.IngestionService     : Publishing single event eventId=030de3b3-892c-49b8-bfc5-712ad3d5e28d type=DEPENDENCY_OBSERVED source=concurrent-src-1 target=concurrent-tgt-11
2026-05-17T21:28:04.190+05:30  INFO 346122 --- [service-dependency-analyzer] [o-auto-1-exec-6] c.d.graph.ingestion.IngestionService     : Publishing single event eventId=1caab708-01b2-4aa9-ac34-0bfea8f6ac40 type=DEPENDENCY_OBSERVED source=concurrent-src-0 target=concurrent-tgt-15
2026-05-17T21:28:04.192+05:30  INFO 346122 --- [service-dependency-analyzer] [o-auto-1-exec-4] c.d.graph.ingestion.IngestionService     : Publishing single event eventId=f2bd7b5e-a139-4adc-b254-b62ae65b3a97 type=DEPENDENCY_OBSERVED source=concurrent-src-2 target=concurrent-tgt-15
2026-05-17T21:28:04.197+05:30  INFO 346122 --- [service-dependency-analyzer] [o-auto-1-exec-5] c.d.graph.ingestion.IngestionService     : Publishing single event eventId=5c17eb48-3f70-4f12-a992-27f0fbb1960a type=DEPENDENCY_OBSERVED source=concurrent-src-1 target=concurrent-tgt-12
2026-05-17T21:28:04.204+05:30  INFO 346122 --- [service-dependency-analyzer] [o-auto-1-exec-9] c.d.graph.ingestion.IngestionService     : Publishing single event eventId=73c3a666-0ff9-451c-962b-a07b22b711b2 type=DEPENDENCY_OBSERVED source=concurrent-src-0 target=concurrent-tgt-16
2026-05-17T21:28:04.206+05:30  INFO 346122 --- [service-dependency-analyzer] [o-auto-1-exec-8] c.d.graph.ingestion.IngestionService     : Publishing single event eventId=1d4c69c9-b74a-44ce-bb35-a6e541ea793e type=DEPENDENCY_OBSERVED source=concurrent-src-2 target=concurrent-tgt-16
2026-05-17T21:28:04.211+05:30  INFO 346122 --- [service-dependency-analyzer] [o-auto-1-exec-2] c.d.graph.ingestion.IngestionService     : Publishing single event eventId=6f395821-307c-46b0-b833-08afc67f2d16 type=DEPENDENCY_OBSERVED source=concurrent-src-1 target=concurrent-tgt-13
2026-05-17T21:28:04.220+05:30  INFO 346122 --- [service-dependency-analyzer] [o-auto-1-exec-3] c.d.graph.ingestion.IngestionService     : Publishing single event eventId=ec781080-2d40-4244-9251-0559f21c09b3 type=DEPENDENCY_OBSERVED source=concurrent-src-2 target=concurrent-tgt-17
2026-05-17T21:28:04.223+05:30  INFO 346122 --- [service-dependency-analyzer] [-auto-1-exec-10] c.d.graph.ingestion.IngestionService     : Publishing single event eventId=dba2d5d4-1a88-4a03-a616-cde90fd44813 type=DEPENDENCY_OBSERVED source=concurrent-src-0 target=concurrent-tgt-17
2026-05-17T21:28:04.227+05:30  INFO 346122 --- [service-dependency-analyzer] [o-auto-1-exec-7] c.d.graph.ingestion.IngestionService     : Publishing single event eventId=bc9ffbe5-a591-4b17-8497-56e97d8a1895 type=DEPENDENCY_OBSERVED source=concurrent-src-1 target=concurrent-tgt-14
2026-05-17T21:28:04.234+05:30  INFO 346122 --- [service-dependency-analyzer] [-auto-1-exec-10] c.d.graph.ingestion.IngestionService     : Publishing single event eventId=656b028c-6ad1-4755-bfe6-53d9b215aa62 type=DEPENDENCY_OBSERVED source=concurrent-src-0 target=concurrent-tgt-18
2026-05-17T21:28:04.234+05:30  INFO 346122 --- [service-dependency-analyzer] [o-auto-1-exec-1] c.d.graph.ingestion.IngestionService     : Publishing single event eventId=b8c7273b-efe8-4b59-9e65-521287f5309b type=DEPENDENCY_OBSERVED source=concurrent-src-2 target=concurrent-tgt-18
2026-05-17T21:28:04.236+05:30  INFO 346122 --- [service-dependency-analyzer] [o-auto-1-exec-6] c.d.graph.ingestion.IngestionService     : Publishing single event eventId=2063b336-f608-4196-a117-519ce8f276be type=DEPENDENCY_OBSERVED source=concurrent-src-1 target=concurrent-tgt-15
2026-05-17T21:28:04.248+05:30  INFO 346122 --- [service-dependency-analyzer] [o-auto-1-exec-4] c.d.graph.ingestion.IngestionService     : Publishing single event eventId=e988e771-d0aa-474c-9892-115f03a044eb type=DEPENDENCY_OBSERVED source=concurrent-src-2 target=concurrent-tgt-19
2026-05-17T21:28:04.251+05:30  INFO 346122 --- [service-dependency-analyzer] [o-auto-1-exec-5] c.d.graph.ingestion.IngestionService     : Publishing single event eventId=31520d9a-efe1-4efb-aea2-8d08e53a21c0 type=DEPENDENCY_OBSERVED source=concurrent-src-1 target=concurrent-tgt-16
2026-05-17T21:28:04.253+05:30  INFO 346122 --- [service-dependency-analyzer] [o-auto-1-exec-8] c.d.graph.ingestion.IngestionService     : Publishing single event eventId=26266a42-1191-4661-b2d2-e3525afb4a6c type=DEPENDENCY_OBSERVED source=concurrent-src-0 target=concurrent-tgt-19
2026-05-17T21:28:04.259+05:30  INFO 346122 --- [service-dependency-analyzer] [o-auto-1-exec-9] c.d.graph.ingestion.IngestionService     : Publishing single event eventId=68cb67e8-f85a-4ce8-abca-c0c69647c48f type=DEPENDENCY_OBSERVED source=concurrent-src-3 target=concurrent-tgt-0
2026-05-17T21:28:04.264+05:30  INFO 346122 --- [service-dependency-analyzer] [o-auto-1-exec-2] c.d.graph.ingestion.IngestionService     : Publishing single event eventId=6a2ba683-709b-46b2-ba3c-6312af4e9559 type=DEPENDENCY_OBSERVED source=concurrent-src-1 target=concurrent-tgt-17
2026-05-17T21:28:04.267+05:30  INFO 346122 --- [service-dependency-analyzer] [o-auto-1-exec-3] c.d.graph.ingestion.IngestionService     : Publishing single event eventId=3d42ec44-f473-469f-a58b-70033ed92767 type=DEPENDENCY_OBSERVED source=concurrent-src-4 target=concurrent-tgt-0
2026-05-17T21:28:04.277+05:30  INFO 346122 --- [service-dependency-analyzer] [o-auto-1-exec-7] c.d.graph.ingestion.IngestionService     : Publishing single event eventId=b0dabf7a-2810-4405-b374-2dcedb0267e9 type=DEPENDENCY_OBSERVED source=concurrent-src-3 target=concurrent-tgt-1
2026-05-17T21:28:04.282+05:30  INFO 346122 --- [service-dependency-analyzer] [o-auto-1-exec-1] c.d.graph.ingestion.IngestionService     : Publishing single event eventId=582d57ed-c04d-4d57-9b5e-98d060732002 type=DEPENDENCY_OBSERVED source=concurrent-src-4 target=concurrent-tgt-1
2026-05-17T21:28:04.283+05:30  INFO 346122 --- [service-dependency-analyzer] [-auto-1-exec-10] c.d.graph.ingestion.IngestionService     : Publishing single event eventId=f2fa61b7-9f3d-4452-a66e-9f62d3a53d0a type=DEPENDENCY_OBSERVED source=concurrent-src-1 target=concurrent-tgt-18
2026-05-17T21:28:04.292+05:30  INFO 346122 --- [service-dependency-analyzer] [o-auto-1-exec-6] c.d.graph.ingestion.IngestionService     : Publishing single event eventId=c53d396b-6707-464e-a64e-920e40422c04 type=DEPENDENCY_OBSERVED source=concurrent-src-3 target=concurrent-tgt-2
2026-05-17T21:28:04.296+05:30  INFO 346122 --- [service-dependency-analyzer] [o-auto-1-exec-5] c.d.graph.ingestion.IngestionService     : Publishing single event eventId=c924e59a-8846-4d52-ae94-162f2ff14f18 type=DEPENDENCY_OBSERVED source=concurrent-src-4 target=concurrent-tgt-2
2026-05-17T21:28:04.300+05:30  INFO 346122 --- [service-dependency-analyzer] [o-auto-1-exec-4] c.d.graph.ingestion.IngestionService     : Publishing single event eventId=e069d62d-6a47-4767-84ef-375d1e66da28 type=DEPENDENCY_OBSERVED source=concurrent-src-1 target=concurrent-tgt-19
2026-05-17T21:28:04.305+05:30  INFO 346122 --- [service-dependency-analyzer] [o-auto-1-exec-8] c.d.graph.ingestion.IngestionService     : Publishing single event eventId=5c6b674a-50a1-4e07-b936-42c32ae68f1a type=DEPENDENCY_OBSERVED source=concurrent-src-3 target=concurrent-tgt-3
2026-05-17T21:28:04.312+05:30  INFO 346122 --- [service-dependency-analyzer] [o-auto-1-exec-4] c.d.graph.ingestion.IngestionService     : Publishing single event eventId=ec343c5c-d4ef-460b-b940-f00f2370db5b type=DEPENDENCY_OBSERVED source=concurrent-src-4 target=concurrent-tgt-3
2026-05-17T21:28:04.327+05:30  INFO 346122 --- [service-dependency-analyzer] [o-auto-1-exec-3] c.d.graph.ingestion.IngestionService     : Publishing single event eventId=258397a9-89ec-4e5b-87fc-402edc29c45e type=DEPENDENCY_OBSERVED source=concurrent-src-3 target=concurrent-tgt-4
2026-05-17T21:28:04.332+05:30  INFO 346122 --- [service-dependency-analyzer] [o-auto-1-exec-2] c.d.graph.ingestion.IngestionService     : Publishing single event eventId=913a7011-14df-48d5-865f-320380e07c04 type=DEPENDENCY_OBSERVED source=concurrent-src-4 target=concurrent-tgt-4
2026-05-17T21:28:04.344+05:30  INFO 346122 --- [service-dependency-analyzer] [o-auto-1-exec-7] c.d.graph.ingestion.IngestionService     : Publishing single event eventId=4d373d20-24b2-4fc2-a4ae-a7b554c442d3 type=DEPENDENCY_OBSERVED source=concurrent-src-3 target=concurrent-tgt-5
2026-05-17T21:28:04.350+05:30  INFO 346122 --- [service-dependency-analyzer] [-auto-1-exec-10] c.d.graph.ingestion.IngestionService     : Publishing single event eventId=cabb9ca1-57fc-454d-933c-daa5eb96b863 type=DEPENDENCY_OBSERVED source=concurrent-src-4 target=concurrent-tgt-5
2026-05-17T21:28:04.364+05:30  INFO 346122 --- [service-dependency-analyzer] [o-auto-1-exec-1] c.d.graph.ingestion.IngestionService     : Publishing single event eventId=4676cff7-155f-436c-8e89-c799716fb5e2 type=DEPENDENCY_OBSERVED source=concurrent-src-4 target=concurrent-tgt-6
2026-05-17T21:28:04.376+05:30  INFO 346122 --- [service-dependency-analyzer] [o-auto-1-exec-1] c.d.graph.ingestion.IngestionService     : Publishing single event eventId=cb7600f3-e476-4366-9d41-bfab0ae74f8c type=DEPENDENCY_OBSERVED source=concurrent-src-3 target=concurrent-tgt-6
2026-05-17T21:28:04.384+05:30  INFO 346122 --- [service-dependency-analyzer] [o-auto-1-exec-5] c.d.graph.ingestion.IngestionService     : Publishing single event eventId=9913f75b-d916-4e37-ab64-43fdfecd2cba type=DEPENDENCY_OBSERVED source=concurrent-src-4 target=concurrent-tgt-7
2026-05-17T21:28:04.407+05:30  INFO 346122 --- [service-dependency-analyzer] [o-auto-1-exec-8] c.d.graph.ingestion.IngestionService     : Publishing single event eventId=cf1f096e-1648-4513-ac08-4860e37b8a14 type=DEPENDENCY_OBSERVED source=concurrent-src-3 target=concurrent-tgt-7
2026-05-17T21:28:04.410+05:30  INFO 346122 --- [service-dependency-analyzer] [o-auto-1-exec-9] c.d.graph.ingestion.IngestionService     : Publishing single event eventId=be020ef9-dc04-46f1-9c3c-a9ca545f491c type=DEPENDENCY_OBSERVED source=concurrent-src-4 target=concurrent-tgt-8
2026-05-17T21:28:04.419+05:30  INFO 346122 --- [service-dependency-analyzer] [o-auto-1-exec-4] c.d.graph.ingestion.IngestionService     : Publishing single event eventId=0d49c113-6237-4f7a-acbf-0ca7c2ec0e44 type=DEPENDENCY_OBSERVED source=concurrent-src-3 target=concurrent-tgt-8
2026-05-17T21:28:04.472+05:30  INFO 346122 --- [service-dependency-analyzer] [o-auto-1-exec-3] c.d.graph.ingestion.IngestionService     : Publishing single event eventId=fab8a8c6-c562-481e-8b21-1817eff8e49c type=DEPENDENCY_OBSERVED source=concurrent-src-4 target=concurrent-tgt-9
2026-05-17T21:28:04.481+05:30  INFO 346122 --- [service-dependency-analyzer] [o-auto-1-exec-2] c.d.graph.ingestion.IngestionService     : Publishing single event eventId=6ef4103e-bde4-4283-81b2-6aede806ebf7 type=DEPENDENCY_OBSERVED source=concurrent-src-3 target=concurrent-tgt-9
2026-05-17T21:28:04.496+05:30  INFO 346122 --- [service-dependency-analyzer] [o-auto-1-exec-7] c.d.graph.ingestion.IngestionService     : Publishing single event eventId=c86e29fc-e4cf-4852-955d-bc0aec1d1f16 type=DEPENDENCY_OBSERVED source=concurrent-src-4 target=concurrent-tgt-10
2026-05-17T21:28:04.503+05:30  INFO 346122 --- [service-dependency-analyzer] [-auto-1-exec-10] c.d.graph.ingestion.IngestionService     : Publishing single event eventId=414210e5-8da1-4769-b922-ffa7cc5740c6 type=DEPENDENCY_OBSERVED source=concurrent-src-3 target=concurrent-tgt-10
2026-05-17T21:28:04.512+05:30  INFO 346122 --- [service-dependency-analyzer] [o-auto-1-exec-6] c.d.graph.ingestion.IngestionService     : Publishing single event eventId=2a0aef42-730c-43a9-b34d-9da7badb944a type=DEPENDENCY_OBSERVED source=concurrent-src-4 target=concurrent-tgt-11
2026-05-17T21:28:04.520+05:30  INFO 346122 --- [service-dependency-analyzer] [o-auto-1-exec-1] c.d.graph.ingestion.IngestionService     : Publishing single event eventId=3b7ac912-e537-435b-9bc6-37c2ab5f889e type=DEPENDENCY_OBSERVED source=concurrent-src-3 target=concurrent-tgt-11
2026-05-17T21:28:04.521+05:30  INFO 346122 --- [service-dependency-analyzer] [o-auto-1-exec-5] c.d.graph.ingestion.IngestionService     : Publishing single event eventId=e7970a27-e90b-4f25-b4c5-101e0beca212 type=DEPENDENCY_OBSERVED source=concurrent-src-4 target=concurrent-tgt-12
2026-05-17T21:28:04.531+05:30  INFO 346122 --- [service-dependency-analyzer] [o-auto-1-exec-9] c.d.graph.ingestion.IngestionService     : Publishing single event eventId=ab8ad661-aac6-410d-90f9-418b1405ba5f type=DEPENDENCY_OBSERVED source=concurrent-src-4 target=concurrent-tgt-13
2026-05-17T21:28:04.531+05:30  INFO 346122 --- [service-dependency-analyzer] [o-auto-1-exec-8] c.d.graph.ingestion.IngestionService     : Publishing single event eventId=897ac9f6-2a3f-4a31-a320-f10dd78757c9 type=DEPENDENCY_OBSERVED source=concurrent-src-3 target=concurrent-tgt-12
2026-05-17T21:28:04.540+05:30  INFO 346122 --- [service-dependency-analyzer] [o-auto-1-exec-3] c.d.graph.ingestion.IngestionService     : Publishing single event eventId=08228579-70b6-4ecf-b167-e3a5cc23d2d8 type=DEPENDENCY_OBSERVED source=concurrent-src-4 target=concurrent-tgt-14
2026-05-17T21:28:04.541+05:30  INFO 346122 --- [service-dependency-analyzer] [o-auto-1-exec-4] c.d.graph.ingestion.IngestionService     : Publishing single event eventId=f15fd411-461e-4cd5-b850-432d0d8e8702 type=DEPENDENCY_OBSERVED source=concurrent-src-3 target=concurrent-tgt-13
2026-05-17T21:28:04.553+05:30  INFO 346122 --- [service-dependency-analyzer] [o-auto-1-exec-7] c.d.graph.ingestion.IngestionService     : Publishing single event eventId=7d4cd43e-8a92-4ee6-9d58-70f3b5567f0c type=DEPENDENCY_OBSERVED source=concurrent-src-4 target=concurrent-tgt-15
2026-05-17T21:28:04.555+05:30  INFO 346122 --- [service-dependency-analyzer] [o-auto-1-exec-2] c.d.graph.ingestion.IngestionService     : Publishing single event eventId=5b31211e-89c9-4d1a-92ff-171a2076b89c type=DEPENDENCY_OBSERVED source=concurrent-src-3 target=concurrent-tgt-14
2026-05-17T21:28:04.569+05:30  INFO 346122 --- [service-dependency-analyzer] [-auto-1-exec-10] c.d.graph.ingestion.IngestionService     : Publishing single event eventId=ae4f5cb6-60ff-4c75-abcf-522723dd7aa9 type=DEPENDENCY_OBSERVED source=concurrent-src-4 target=concurrent-tgt-16
2026-05-17T21:28:04.573+05:30  INFO 346122 --- [service-dependency-analyzer] [o-auto-1-exec-6] c.d.graph.ingestion.IngestionService     : Publishing single event eventId=4dd4f9cc-4824-4dde-bbbe-b3d56f8b23ad type=DEPENDENCY_OBSERVED source=concurrent-src-3 target=concurrent-tgt-15
2026-05-17T21:28:04.589+05:30  INFO 346122 --- [service-dependency-analyzer] [o-auto-1-exec-5] c.d.graph.ingestion.IngestionService     : Publishing single event eventId=4c1ca865-79f1-4f44-bf3f-e72353195904 type=DEPENDENCY_OBSERVED source=concurrent-src-4 target=concurrent-tgt-17
2026-05-17T21:28:04.590+05:30  INFO 346122 --- [service-dependency-analyzer] [o-auto-1-exec-1] c.d.graph.ingestion.IngestionService     : Publishing single event eventId=08681d87-2737-4af7-845f-85a1bc29c86b type=DEPENDENCY_OBSERVED source=concurrent-src-3 target=concurrent-tgt-16
2026-05-17T21:28:04.600+05:30  INFO 346122 --- [service-dependency-analyzer] [o-auto-1-exec-8] c.d.graph.ingestion.IngestionService     : Publishing single event eventId=2eaaa05f-6582-4c45-9fd0-8c1aa033211a type=DEPENDENCY_OBSERVED source=concurrent-src-3 target=concurrent-tgt-17
2026-05-17T21:28:04.603+05:30  INFO 346122 --- [service-dependency-analyzer] [o-auto-1-exec-9] c.d.graph.ingestion.IngestionService     : Publishing single event eventId=754298ac-3a36-45ab-9005-8348105230ec type=DEPENDENCY_OBSERVED source=concurrent-src-4 target=concurrent-tgt-18
2026-05-17T21:28:04.614+05:30  INFO 346122 --- [service-dependency-analyzer] [o-auto-1-exec-9] c.d.graph.ingestion.IngestionService     : Publishing single event eventId=a5113b53-2c88-45cc-85cb-10b242cb5ee1 type=DEPENDENCY_OBSERVED source=concurrent-src-3 target=concurrent-tgt-18
2026-05-17T21:28:04.622+05:30  INFO 346122 --- [service-dependency-analyzer] [o-auto-1-exec-3] c.d.graph.ingestion.IngestionService     : Publishing single event eventId=08b03c72-2ee0-4de0-bfea-10597034f3ea type=DEPENDENCY_OBSERVED source=concurrent-src-4 target=concurrent-tgt-19
2026-05-17T21:28:04.630+05:30  INFO 346122 --- [service-dependency-analyzer] [o-auto-1-exec-2] c.d.graph.ingestion.IngestionService     : Publishing single event eventId=c799e5aa-1c58-465b-9d84-242c44ffd782 type=DEPENDENCY_OBSERVED source=concurrent-src-3 target=concurrent-tgt-19
]]></system-out>
  </testcase>
  <testcase name="boundedQueueHandlesLoadExceedingCapacity" classname="e2e.IngestionPipelineE2ETest$ConcurrencyTests" time="0.072">
    <system-out><![CDATA[2026-05-17T21:28:04.811+05:30  WARN 346122 --- [service-dependency-analyzer] [o-auto-1-exec-7] c.d.g.exception.GlobalExceptionHandler   : Invalid request [/api/ingestion/publish]: count 501 exceeds queue capacity 500
]]></system-out>
  </testcase>
</testsuite>