<?xml version="1.0" encoding="UTF-8"?>
<testsuite xmlns:xsi="http://www.w3.org/2001/XMLSchema-instance" xsi:noNamespaceSchemaLocation="https://maven.apache.org/surefire/maven-surefire-plugin/xsd/surefire-test-report-3.0.xsd" version="3.0" name="e2e.GracefulShutdownE2ETest$StateRestoreTests" time="1.289" tests="4" errors="0" skipped="0" failures="0">
  <properties>
[...]
</properties>
  <testcase name="pipelineRemainsFullyFunctionalAfterRestore" classname="e2e.GracefulShutdownE2ETest$StateRestoreTests" time="0.368">
    <system-out><![CDATA[2026-05-17T18:06:05.204+05:30  INFO 264684 --- [service-dependency-analyzer] [o-auto-2-exec-8] c.d.graph.ingestion.IngestionService     : Publishing single event eventId=e323e067-7ba0-43cb-a122-925245d2614f type=DEPENDENCY_OBSERVED source=post-pre-src target=post-sink
2026-05-17T18:06:05.316+05:30  INFO 264684 --- [service-dependency-analyzer] [           main] c.d.graph.persistence.SnapshotManager    : Snapshot save started path=/tmp/graceful-shutdown-e2e-test.json
2026-05-17T18:06:05.324+05:30  INFO 264684 --- [service-dependency-analyzer] [           main] c.d.graph.persistence.SnapshotManager    : Snapshot save completed edges=1 services=0 eventIds=1 durationMs=7 path=/tmp/graceful-shutdown-e2e-test.json
2026-05-17T18:06:05.325+05:30  INFO 264684 --- [service-dependency-analyzer] [           main] c.d.graph.persistence.SnapshotManager    : Snapshot load started path=/tmp/graceful-shutdown-e2e-test.json
2026-05-17T18:06:05.330+05:30  INFO 264684 --- [service-dependency-analyzer] [           main] c.d.graph.persistence.SnapshotManager    : Snapshot loaded: edges=1 services=0 eventIds=1 capturedAt=2026-05-17T12:36:05.317185053Z
2026-05-17T18:06:05.340+05:30  INFO 264684 --- [service-dependency-analyzer] [o-auto-2-exec-1] c.d.graph.ingestion.IngestionService     : Publishing single event eventId=0448b277-74d5-4383-925e-bcb7876bea8f type=DEPENDENCY_OBSERVED source=post-new-src target=post-sink
]]></system-out>
  </testcase>
  <testcase name="emptyGraphSnapshotRestoresEmptyGraph" classname="e2e.GracefulShutdownE2ETest$StateRestoreTests" time="0.082">
    <system-out><![CDATA[2026-05-17T18:06:05.535+05:30  INFO 264684 --- [service-dependency-analyzer] [           main] c.d.graph.persistence.SnapshotManager    : Snapshot save started path=/tmp/graceful-shutdown-e2e-test.json
2026-05-17T18:06:05.537+05:30  INFO 264684 --- [service-dependency-analyzer] [           main] c.d.graph.persistence.SnapshotManager    : Snapshot save completed edges=0 services=0 eventIds=0 durationMs=2 path=/tmp/graceful-shutdown-e2e-test.json
2026-05-17T18:06:05.538+05:30  INFO 264684 --- [service-dependency-analyzer] [           main] c.d.graph.persistence.SnapshotManager    : Snapshot load started path=/tmp/graceful-shutdown-e2e-test.json
2026-05-17T18:06:05.542+05:30  INFO 264684 --- [service-dependency-analyzer] [           main] c.d.graph.persistence.SnapshotManager    : Snapshot loaded: edges=0 services=0 eventIds=0 capturedAt=2026-05-17T12:36:05.535936730Z
]]></system-out>
  </testcase>
  <testcase name="restoredEdgesPreserveRequestCountAndAvgLatency" classname="e2e.GracefulShutdownE2ETest$StateRestoreTests" time="0.257">
    <system-out><![CDATA[2026-05-17T18:06:05.656+05:30  INFO 264684 --- [service-dependency-analyzer] [o-auto-2-exec-2] c.d.graph.ingestion.IngestionService     : Publishing single event eventId=c87de396-2f20-4425-a86d-b8629edb1ef6 type=DEPENDENCY_OBSERVED source=metric-src target=metric-tgt
2026-05-17T18:06:05.672+05:30  INFO 264684 --- [service-dependency-analyzer] [o-auto-2-exec-3] c.d.graph.ingestion.IngestionService     : Publishing single event eventId=00445de3-2361-40dd-9deb-613834d554b2 type=DEPENDENCY_OBSERVED source=metric-src target=metric-tgt
2026-05-17T18:06:05.688+05:30  INFO 264684 --- [service-dependency-analyzer] [o-auto-2-exec-4] c.d.graph.ingestion.IngestionService     : Publishing single event eventId=c3a3cc69-b923-402c-8f4f-5f83ad4ed756 type=DEPENDENCY_OBSERVED source=metric-src target=metric-tgt
2026-05-17T18:06:05.802+05:30  INFO 264684 --- [service-dependency-analyzer] [           main] c.d.graph.persistence.SnapshotManager    : Snapshot save started path=/tmp/graceful-shutdown-e2e-test.json
2026-05-17T18:06:05.814+05:30  INFO 264684 --- [service-dependency-analyzer] [           main] c.d.graph.persistence.SnapshotManager    : Snapshot save completed edges=1 services=0 eventIds=3 durationMs=12 path=/tmp/graceful-shutdown-e2e-test.json
2026-05-17T18:06:05.817+05:30  INFO 264684 --- [service-dependency-analyzer] [           main] c.d.graph.persistence.SnapshotManager    : Snapshot load started path=/tmp/graceful-shutdown-e2e-test.json
2026-05-17T18:06:05.825+05:30  INFO 264684 --- [service-dependency-analyzer] [           main] c.d.graph.persistence.SnapshotManager    : Snapshot loaded: edges=1 services=0 eventIds=3 capturedAt=2026-05-17T12:36:05.802762066Z
]]></system-out>
  </testcase>
  <testcase name="restoredGraphMatchesPreshutdownStateExactly" classname="e2e.GracefulShutdownE2ETest$StateRestoreTests" time="0.454">
    <system-out><![CDATA[2026-05-17T18:06:05.917+05:30  INFO 264684 --- [service-dependency-analyzer] [o-auto-2-exec-5] c.d.graph.ingestion.IngestionService     : Publishing single event eventId=ca462fb4-a835-45d4-90b2-564821b9f1b9 type=DEPENDENCY_OBSERVED source=rs-src-0 target=rs-sink
2026-05-17T18:06:05.952+05:30  INFO 264684 --- [service-dependency-analyzer] [o-auto-2-exec-6] c.d.graph.ingestion.IngestionService     : Publishing single event eventId=743ec34b-e98c-4ccb-8e74-e42d2721f266 type=DEPENDENCY_OBSERVED source=rs-src-1 target=rs-sink
2026-05-17T18:06:05.980+05:30  INFO 264684 --- [service-dependency-analyzer] [o-auto-2-exec-7] c.d.graph.ingestion.IngestionService     : Publishing single event eventId=5df6381a-c681-4d55-8908-fdd0dc9b0c7f type=DEPENDENCY_OBSERVED source=rs-src-2 target=rs-sink
2026-05-17T18:06:06.006+05:30  INFO 264684 --- [service-dependency-analyzer] [o-auto-2-exec-9] c.d.graph.ingestion.IngestionService     : Publishing single event eventId=58573982-c7a3-41e9-a50d-52dde7398eb2 type=DEPENDENCY_OBSERVED source=rs-src-3 target=rs-sink
2026-05-17T18:06:06.034+05:30  INFO 264684 --- [service-dependency-analyzer] [-auto-2-exec-10] c.d.graph.ingestion.IngestionService     : Publishing single event eventId=7242493a-7be8-436b-bd2d-a20a2032467c type=DEPENDENCY_OBSERVED source=rs-src-4 target=rs-sink
2026-05-17T18:06:06.048+05:30  INFO 264684 --- [service-dependency-analyzer] [o-auto-2-exec-8] c.d.graph.ingestion.IngestionService     : Publishing single event eventId=a9aa8366-4594-4b41-8393-5a6733b7ba13 type=DEPENDENCY_OBSERVED source=rs-src-5 target=rs-sink
2026-05-17T18:06:06.071+05:30  INFO 264684 --- [service-dependency-analyzer] [o-auto-2-exec-1] c.d.graph.ingestion.IngestionService     : Publishing single event eventId=6143f07f-8d27-44e6-a6e3-18e158b2930c type=DEPENDENCY_OBSERVED source=rs-src-6 target=rs-sink
2026-05-17T18:06:06.089+05:30  INFO 264684 --- [service-dependency-analyzer] [o-auto-2-exec-2] c.d.graph.ingestion.IngestionService     : Publishing single event eventId=ef42ec81-ea93-440a-845e-7245e74bd563 type=DEPENDENCY_OBSERVED source=rs-src-7 target=rs-sink
2026-05-17T18:06:06.102+05:30  INFO 264684 --- [service-dependency-analyzer] [o-auto-2-exec-3] c.d.graph.ingestion.IngestionService     : Publishing single event eventId=c0bb82bd-fbd0-4835-9690-29105a759d6d type=DEPENDENCY_OBSERVED source=rs-src-8 target=rs-sink
2026-05-17T18:06:06.118+05:30  INFO 264684 --- [service-dependency-analyzer] [o-auto-2-exec-4] c.d.graph.ingestion.IngestionService     : Publishing single event eventId=aa41d41f-f43a-4c79-afa9-68727422aed7 type=DEPENDENCY_OBSERVED source=rs-src-9 target=rs-sink
2026-05-17T18:06:06.231+05:30  INFO 264684 --- [service-dependency-analyzer] [           main] c.d.graph.persistence.SnapshotManager    : Snapshot save started path=/tmp/graceful-shutdown-e2e-test.json
2026-05-17T18:06:06.239+05:30  INFO 264684 --- [service-dependency-analyzer] [           main] c.d.graph.persistence.SnapshotManager    : Snapshot save completed edges=10 services=0 eventIds=10 durationMs=8 path=/tmp/graceful-shutdown-e2e-test.json
2026-05-17T18:06:06.240+05:30  INFO 264684 --- [service-dependency-analyzer] [           main] c.d.graph.persistence.SnapshotManager    : Snapshot load started path=/tmp/graceful-shutdown-e2e-test.json
2026-05-17T18:06:06.256+05:30  INFO 264684 --- [service-dependency-analyzer] [           main] c.d.graph.persistence.SnapshotManager    : Snapshot loaded: edges=10 services=0 eventIds=10 capturedAt=2026-05-17T12:36:06.231884069Z
]]></system-out>
  </testcase>
</testsuite>