<?xml version="1.0" encoding="UTF-8"?>
<testsuite xmlns:xsi="http://www.w3.org/2001/XMLSchema-instance" xsi:noNamespaceSchemaLocation="https://maven.apache.org/surefire/maven-surefire-plugin/xsd/surefire-test-report-3.0.xsd" version="3.0" name="e2e.IngestionPipelineE2ETest$BulkIngestionTests" time="1.059" tests="3" errors="0" skipped="0" failures="0">
  <properties>
[...]
</properties>
  <testcase name="graphIsConsistentAfterBulkIngestion" classname="e2e.IngestionPipelineE2ETest$BulkIngestionTests" time="0.372">
    <system-out><![CDATA[2026-05-17T18:05:55.568+05:30  INFO 264684 --- [service-dependency-analyzer] [o-auto-1-exec-6] c.d.graph.ingestion.EventProducer        : Ingestion batch starting requestedCount=1000 threads=2 queueCapacity=500 currentQueueSize=0
2026-05-17T18:05:55.604+05:30  INFO 264684 --- [service-dependency-analyzer] [pool-4-thread-1] c.d.graph.ingestion.EventProducer        : Producer thread started thread=pool-4-thread-1 eventsToPublish=500
2026-05-17T18:05:55.606+05:30  WARN 264684 --- [service-dependency-analyzer] [ent-consumer-32] c.d.graph.graph.GraphStateManager        : Edge removal skipped — edge not found source=gateway-api target=catalog-service eventId=7e874943-f0ba-4511-a1d8-c3545f2fb4ab
2026-05-17T18:05:55.606+05:30  WARN 264684 --- [service-dependency-analyzer] [ent-consumer-32] c.d.graph.graph.GraphStateManager        : Edge removal skipped — edge not found source=gateway-api target=user-service eventId=659437db-b7f3-4781-99b6-4327b226a656
2026-05-17T18:05:55.607+05:30  WARN 264684 --- [service-dependency-analyzer] [ent-consumer-32] c.d.graph.graph.GraphStateManager        : Edge removal skipped — edge not found source=inventory-service target=auth-service eventId=6d9822ef-6482-4b5a-806f-2d0fef04fd9a
2026-05-17T18:05:55.607+05:30  INFO 264684 --- [service-dependency-analyzer] [pool-4-thread-2] c.d.graph.ingestion.EventProducer        : Producer thread started thread=pool-4-thread-2 eventsToPublish=500
2026-05-17T18:05:55.607+05:30  WARN 264684 --- [service-dependency-analyzer] [ent-consumer-32] c.d.graph.graph.GraphStateManager        : Edge removal skipped — edge not found source=cache-service target=notification-service eventId=91250db6-1a83-40b6-8298-1be50d63105c
2026-05-17T18:05:55.608+05:30  WARN 264684 --- [service-dependency-analyzer] [ent-consumer-33] c.d.graph.graph.GraphStateManager        : Edge removal skipped — edge not found source=recommendation-service target=catalog-service eventId=01d10330-1438-4cd2-b002-5af93f866bf3
2026-05-17T18:05:55.609+05:30  WARN 264684 --- [service-dependency-analyzer] [ent-consumer-33] c.d.graph.graph.GraphStateManager        : Edge removal skipped — edge not found source=billing-service target=inventory-service eventId=0f2131da-600e-4690-b481-e97ac43309f7
2026-05-17T18:05:55.609+05:30  WARN 264684 --- [service-dependency-analyzer] [ent-consumer-33] c.d.graph.graph.GraphStateManager        : Edge removal skipped — edge not found source=user-service target=shipping-service eventId=ec995261-ecfc-47b6-9539-aed2633e3c7a
2026-05-17T18:05:55.610+05:30  WARN 264684 --- [service-dependency-analyzer] [ent-consumer-33] c.d.graph.graph.GraphStateManager        : Edge removal skipped — edge not found source=gateway-api target=user-service eventId=4a933aee-0738-4611-a910-6df05cb2f1fd
2026-05-17T18:05:55.624+05:30  WARN 264684 --- [service-dependency-analyzer] [ent-consumer-33] c.d.graph.graph.GraphStateManager        : Edge removal skipped — edge not found source=shipping-service target=catalog-service eventId=3f6077ad-d32e-4629-a070-0c5feee85e33
2026-05-17T18:05:55.625+05:30  WARN 264684 --- [service-dependency-analyzer] [ent-consumer-33] c.d.graph.graph.GraphStateManager        : Edge removal skipped — edge not found source=gateway-api target=search-service eventId=66b78300-9f96-4ca7-bf1a-9420aa1a7c36
2026-05-17T18:05:55.625+05:30  WARN 264684 --- [service-dependency-analyzer] [ent-consumer-33] c.d.graph.graph.GraphStateManager        : Edge removal skipped — edge not found source=notification-service target=recommendation-service eventId=dc0f3af7-838a-4d75-97cd-4574e102e9cb
2026-05-17T18:05:55.626+05:30  WARN 264684 --- [service-dependency-analyzer] [ent-consumer-32] c.d.graph.graph.GraphStateManager        : Edge removal skipped — edge not found source=catalog-service target=inventory-service eventId=ae921ff5-f138-4b2e-9fb1-a9e1a207ace5
2026-05-17T18:05:55.632+05:30  WARN 264684 --- [service-dependency-analyzer] [ent-consumer-32] c.d.graph.graph.GraphStateManager        : Edge removal skipped — edge not found source=inventory-service target=billing-service eventId=e6d7aad7-ba0f-4e96-8238-dbcc537659f5
2026-05-17T18:05:55.633+05:30  WARN 264684 --- [service-dependency-analyzer] [ent-consumer-32] c.d.graph.graph.GraphStateManager        : Edge removal skipped — edge not found source=cart-service target=payment-service eventId=8f9051af-6454-44bc-ade3-37bdf9e0c1c3
2026-05-17T18:05:55.633+05:30  WARN 264684 --- [service-dependency-analyzer] [ent-consumer-32] c.d.graph.graph.GraphStateManager        : Edge removal skipped — edge not found source=catalog-service target=billing-service eventId=e43feafd-ed2d-4670-b8f0-7d232c07d429
2026-05-17T18:05:55.634+05:30  WARN 264684 --- [service-dependency-analyzer] [ent-consumer-32] c.d.graph.graph.GraphStateManager        : Edge removal skipped — edge not found source=recommendation-service target=cart-service eventId=8c797a9a-f54f-4e5c-b906-2a9e57322f30
2026-05-17T18:05:55.638+05:30  WARN 264684 --- [service-dependency-analyzer] [ent-consumer-33] c.d.graph.graph.GraphStateManager        : Edge removal skipped — edge not found source=search-service target=cart-service eventId=043b9e14-37ef-4c13-96e6-8a4288d323c2
2026-05-17T18:05:55.639+05:30  WARN 264684 --- [service-dependency-analyzer] [ent-consumer-33] c.d.graph.graph.GraphStateManager        : Edge removal skipped — edge not found source=order-service target=payment-service eventId=02cd2bf0-3cb4-43b0-9b42-0f52e461b23c
2026-05-17T18:05:55.640+05:30  WARN 264684 --- [service-dependency-analyzer] [ent-consumer-33] c.d.graph.graph.GraphStateManager        : Edge removal skipped — edge not found source=search-service target=cache-service eventId=eb2cd192-51fc-4561-a593-5bf364c69beb
2026-05-17T18:05:55.640+05:30  WARN 264684 --- [service-dependency-analyzer] [ent-consumer-33] c.d.graph.graph.GraphStateManager        : Edge removal skipped — edge not found source=inventory-service target=payment-service eventId=3f70e4ac-e9ed-4c8a-97a1-efe886070110
2026-05-17T18:05:55.640+05:30  WARN 264684 --- [service-dependency-analyzer] [ent-consumer-33] c.d.graph.graph.GraphStateManager        : Edge removal skipped — edge not found source=recommendation-service target=catalog-service eventId=1a11ed48-b04b-48f5-b88b-2ab76e57faf2
2026-05-17T18:05:55.635+05:30  WARN 264684 --- [service-dependency-analyzer] [ent-consumer-32] c.d.graph.graph.GraphStateManager        : Edge removal skipped — edge not found source=analytics-service target=payment-service eventId=248e0743-b472-4ec6-9e44-8ac87ffd146e
2026-05-17T18:05:55.648+05:30  WARN 264684 --- [service-dependency-analyzer] [ent-consumer-32] c.d.graph.graph.GraphStateManager        : Edge removal skipped — edge not found source=recommendation-service target=user-service eventId=9b6355ae-768d-47c2-a256-5aeda533b7c9
2026-05-17T18:05:55.641+05:30  WARN 264684 --- [service-dependency-analyzer] [ent-consumer-33] c.d.graph.graph.GraphStateManager        : Edge removal skipped — edge not found source=cart-service target=order-service eventId=12f04336-0ccb-47a2-9567-69f7eb8ae72d
2026-05-17T18:05:55.652+05:30  WARN 264684 --- [service-dependency-analyzer] [ent-consumer-33] c.d.graph.graph.GraphStateManager        : Edge removal skipped — edge not found source=payment-service target=search-service eventId=cc748552-b683-4361-9496-e023760563ce
2026-05-17T18:05:55.652+05:30  WARN 264684 --- [service-dependency-analyzer] [ent-consumer-33] c.d.graph.graph.GraphStateManager        : Edge removal skipped — edge not found source=auth-service target=order-service eventId=a4704572-85bb-42e0-a780-f4cb78d73fab
2026-05-17T18:05:55.653+05:30  WARN 264684 --- [service-dependency-analyzer] [ent-consumer-33] c.d.graph.graph.GraphStateManager        : Edge removal skipped — edge not found source=cache-service target=notification-service eventId=06dc21c5-6e05-4672-8b4a-5fd24db7ecad
2026-05-17T18:05:55.667+05:30  WARN 264684 --- [service-dependency-analyzer] [ent-consumer-32] c.d.graph.graph.GraphStateManager        : Edge removal skipped — edge not found source=gateway-api target=cache-service eventId=838a66fb-b572-42c2-a13d-bff6e3be417f
2026-05-17T18:05:55.668+05:30  WARN 264684 --- [service-dependency-analyzer] [ent-consumer-32] c.d.graph.graph.GraphStateManager        : Edge removal skipped — edge not found source=user-service target=notification-service eventId=eb9cebd8-80fa-4ce6-bba5-e1d4516db0d4
2026-05-17T18:05:55.677+05:30  WARN 264684 --- [service-dependency-analyzer] [ent-consumer-33] c.d.graph.graph.GraphStateManager        : Edge removal skipped — edge not found source=auth-service target=inventory-service eventId=3068c1a8-718a-48d9-afc1-fc131cdb85d4
2026-05-17T18:05:55.677+05:30  WARN 264684 --- [service-dependency-analyzer] [ent-consumer-33] c.d.graph.graph.GraphStateManager        : Edge removal skipped — edge not found source=analytics-service target=payment-service eventId=8537a6cd-61ae-47e6-bd55-c50cba18a875
2026-05-17T18:05:55.682+05:30  WARN 264684 --- [service-dependency-analyzer] [ent-consumer-33] c.d.graph.graph.GraphStateManager        : Edge removal skipped — edge not found source=inventory-service target=notification-service eventId=20daa736-5ad8-47d6-b780-36f094617b89
2026-05-17T18:05:55.682+05:30  WARN 264684 --- [service-dependency-analyzer] [ent-consumer-33] c.d.graph.graph.GraphStateManager        : Edge removal skipped — edge not found source=shipping-service target=gateway-api eventId=525b2c60-5eda-4554-9a61-b44a39b7a77e
2026-05-17T18:05:55.683+05:30  WARN 264684 --- [service-dependency-analyzer] [ent-consumer-33] c.d.graph.graph.GraphStateManager        : Edge removal skipped — edge not found source=payment-service target=auth-service eventId=fc913c21-99f5-48b3-9ee2-efafcd96a00a
2026-05-17T18:05:55.683+05:30  WARN 264684 --- [service-dependency-analyzer] [ent-consumer-33] c.d.graph.graph.GraphStateManager        : Edge removal skipped — edge not found source=payment-service target=order-service eventId=d6775d3f-cdbd-4934-a80e-fa69d564fb71
2026-05-17T18:05:55.688+05:30  WARN 264684 --- [service-dependency-analyzer] [ent-consumer-32] c.d.graph.graph.GraphStateManager        : Edge removal skipped — edge not found source=cart-service target=user-service eventId=14491dce-84f5-48df-9a45-9a85a17fad4e
2026-05-17T18:05:55.689+05:30  WARN 264684 --- [service-dependency-analyzer] [ent-consumer-32] c.d.graph.graph.GraphStateManager        : Edge removal skipped — edge not found source=cache-service target=cart-service eventId=705fc1dc-dff8-42b2-942a-9f0f74aa83c0
2026-05-17T18:05:55.690+05:30  WARN 264684 --- [service-dependency-analyzer] [ent-consumer-32] c.d.graph.graph.GraphStateManager        : Edge removal skipped — edge not found source=user-service target=inventory-service eventId=8e7f4366-3ec3-49b8-85a4-40e1c6bdf9c3
2026-05-17T18:05:55.692+05:30  WARN 264684 --- [service-dependency-analyzer] [ent-consumer-33] c.d.graph.graph.GraphStateManager        : Edge removal skipped — edge not found source=gateway-api target=user-service eventId=1ce1a523-8abf-4fa1-892f-0a49a3a980bc
2026-05-17T18:05:55.699+05:30  WARN 264684 --- [service-dependency-analyzer] [ent-consumer-33] c.d.graph.graph.GraphStateManager        : Edge removal skipped — edge not found source=search-service target=analytics-service eventId=bf2b0c73-b2be-4db6-b07d-4077fb646c94
2026-05-17T18:05:55.700+05:30  INFO 264684 --- [service-dependency-analyzer] [pool-4-thread-1] c.d.graph.ingestion.EventProducer        : Producer thread completed thread=pool-4-thread-1 published=500
2026-05-17T18:05:55.691+05:30  WARN 264684 --- [service-dependency-analyzer] [ent-consumer-32] c.d.graph.graph.GraphStateManager        : Edge removal skipped — edge not found source=catalog-service target=user-service eventId=180d2d59-54d6-45a1-b1c4-b4fc1dae0c24
2026-05-17T18:05:55.703+05:30  WARN 264684 --- [service-dependency-analyzer] [ent-consumer-32] c.d.graph.graph.GraphStateManager        : Edge removal skipped — edge not found source=order-service target=user-service eventId=f3f54b1b-7d4f-4e76-8d4e-9657124e0855
2026-05-17T18:05:55.706+05:30  WARN 264684 --- [service-dependency-analyzer] [ent-consumer-33] c.d.graph.graph.GraphStateManager        : Edge removal skipped — edge not found source=user-service target=inventory-service eventId=53085274-a803-48e0-822f-4127d398ae33
2026-05-17T18:05:55.725+05:30  WARN 264684 --- [service-dependency-analyzer] [ent-consumer-32] c.d.graph.graph.GraphStateManager        : Edge removal skipped — edge not found source=recommendation-service target=payment-service eventId=45468e93-b590-4198-80d0-7d31e6e9e3d6
2026-05-17T18:05:55.726+05:30  INFO 264684 --- [service-dependency-analyzer] [pool-4-thread-2] c.d.graph.ingestion.EventProducer        : Producer thread completed thread=pool-4-thread-2 published=500
2026-05-17T18:05:55.727+05:30  INFO 264684 --- [service-dependency-analyzer] [o-auto-1-exec-6] c.d.graph.ingestion.EventProducer        : Ingestion batch completed requestedCount=1000 publishedCount=1000 threads=2 durationMs=159 remainingQueueSize=458
2026-05-17T18:05:55.726+05:30  WARN 264684 --- [service-dependency-analyzer] [ent-consumer-32] c.d.graph.graph.GraphStateManager        : Edge removal skipped — edge not found source=user-service target=notification-service eventId=6b14983b-6de0-4de1-a8e9-04838c72e5d5
2026-05-17T18:05:55.741+05:30  WARN 264684 --- [service-dependency-analyzer] [ent-consumer-32] c.d.graph.graph.GraphStateManager        : Edge removal skipped — edge not found source=search-service target=user-service eventId=ef3efed1-3bb7-42d4-a4ea-fa0c4f01076a
2026-05-17T18:05:55.743+05:30  WARN 264684 --- [service-dependency-analyzer] [ent-consumer-33] c.d.graph.graph.GraphStateManager        : Edge removal skipped — edge not found source=payment-service target=catalog-service eventId=791d3bd3-1bf1-48c3-a809-f6dd5d61ff45
2026-05-17T18:05:55.750+05:30  WARN 264684 --- [service-dependency-analyzer] [ent-consumer-32] c.d.graph.graph.GraphStateManager        : Edge removal skipped — edge not found source=auth-service target=inventory-service eventId=b45a39d4-75ac-4c00-9a1b-ff05065d4de7
2026-05-17T18:05:55.751+05:30  WARN 264684 --- [service-dependency-analyzer] [ent-consumer-32] c.d.graph.graph.GraphStateManager        : Edge removal skipped — edge not found source=user-service target=recommendation-service eventId=e6194d8f-53b6-43c9-b99a-fc2362c03108
2026-05-17T18:05:55.754+05:30  WARN 264684 --- [service-dependency-analyzer] [ent-consumer-33] c.d.graph.graph.GraphStateManager        : Edge removal skipped — edge not found source=payment-service target=shipping-service eventId=8a33f0c9-a4ae-40ad-ad1d-834e7e9ce367
2026-05-17T18:05:55.765+05:30  WARN 264684 --- [service-dependency-analyzer] [ent-consumer-33] c.d.graph.graph.GraphStateManager        : Edge removal skipped — edge not found source=auth-service target=cart-service eventId=b70c889f-42e3-4d57-b34a-956a16cc0e58
2026-05-17T18:05:55.766+05:30  WARN 264684 --- [service-dependency-analyzer] [ent-consumer-33] c.d.graph.graph.GraphStateManager        : Edge removal skipped — edge not found source=gateway-api target=notification-service eventId=a9d5854f-ed8f-408f-9cbd-7cfb123ccb49
2026-05-17T18:05:55.768+05:30  WARN 264684 --- [service-dependency-analyzer] [ent-consumer-32] c.d.graph.graph.GraphStateManager        : Edge removal skipped — edge not found source=gateway-api target=notification-service eventId=6baf648e-e154-425d-bdab-8c21bfd163a5
2026-05-17T18:05:55.785+05:30  WARN 264684 --- [service-dependency-analyzer] [ent-consumer-33] c.d.graph.graph.GraphStateManager        : Edge removal skipped — edge not found source=search-service target=recommendation-service eventId=1a83bdd3-935a-45c0-b8cd-5b76df762b46
2026-05-17T18:05:55.785+05:30  WARN 264684 --- [service-dependency-analyzer] [ent-consumer-33] c.d.graph.graph.GraphStateManager        : Edge removal skipped — edge not found source=analytics-service target=catalog-service eventId=ff261208-f02b-4ae4-a3bb-6b1f4b427786
2026-05-17T18:05:55.800+05:30  WARN 264684 --- [service-dependency-analyzer] [ent-consumer-32] c.d.graph.graph.GraphStateManager        : Edge removal skipped — edge not found source=inventory-service target=auth-service eventId=0c5f9af7-b857-4cac-82ac-92b2a8e05bfc
2026-05-17T18:05:55.801+05:30  WARN 264684 --- [service-dependency-analyzer] [ent-consumer-32] c.d.graph.graph.GraphStateManager        : Edge removal skipped — edge not found source=user-service target=shipping-service eventId=2fcb20cf-7a17-4ba5-a7cc-c220b3196c94
2026-05-17T18:05:55.803+05:30  WARN 264684 --- [service-dependency-analyzer] [ent-consumer-33] c.d.graph.graph.GraphStateManager        : Edge removal skipped — edge not found source=search-service target=billing-service eventId=02bd76ea-8239-4b6b-b94c-7e4b7838b941
2026-05-17T18:05:55.804+05:30  WARN 264684 --- [service-dependency-analyzer] [ent-consumer-33] c.d.graph.graph.GraphStateManager        : Edge removal skipped — edge not found source=notification-service target=recommendation-service eventId=29affdb1-b897-4f63-82b7-641fadadb0d4
2026-05-17T18:05:55.805+05:30  WARN 264684 --- [service-dependency-analyzer] [ent-consumer-33] c.d.graph.graph.GraphStateManager        : Edge removal skipped — edge not found source=billing-service target=gateway-api eventId=bbe9a2be-9b82-4363-a056-c6d8a780a46b
2026-05-17T18:05:55.802+05:30  WARN 264684 --- [service-dependency-analyzer] [ent-consumer-32] c.d.graph.graph.GraphStateManager        : Edge removal skipped — edge not found source=cache-service target=cart-service eventId=14c6d1c3-ab24-4506-950b-35aa5f3ef40e
]]></system-out>
  </testcase>
  <testcase name="bulk1000EventsQueueDrainsCompletely" classname="e2e.IngestionPipelineE2ETest$BulkIngestionTests" time="0.259">
    <system-out><![CDATA[2026-05-17T18:05:55.945+05:30  INFO 264684 --- [service-dependency-analyzer] [o-auto-1-exec-7] c.d.graph.ingestion.EventProducer        : Ingestion batch starting requestedCount=1000 threads=2 queueCapacity=500 currentQueueSize=0
2026-05-17T18:05:55.959+05:30  INFO 264684 --- [service-dependency-analyzer] [pool-5-thread-1] c.d.graph.ingestion.EventProducer        : Producer thread started thread=pool-5-thread-1 eventsToPublish=500
2026-05-17T18:05:55.960+05:30  WARN 264684 --- [service-dependency-analyzer] [ent-consumer-33] c.d.graph.graph.GraphStateManager        : Edge removal skipped — edge not found source=gateway-api target=billing-service eventId=d168dce7-6fb1-41e2-8cb0-8e8d66b24dbb
2026-05-17T18:05:55.961+05:30  WARN 264684 --- [service-dependency-analyzer] [ent-consumer-33] c.d.graph.graph.GraphStateManager        : Edge removal skipped — edge not found source=cart-service target=order-service eventId=b2a6ca27-cd4e-4cad-b0e3-915d874f4fef
2026-05-17T18:05:55.966+05:30  INFO 264684 --- [service-dependency-analyzer] [pool-5-thread-2] c.d.graph.ingestion.EventProducer        : Producer thread started thread=pool-5-thread-2 eventsToPublish=500
2026-05-17T18:05:55.969+05:30  WARN 264684 --- [service-dependency-analyzer] [ent-consumer-33] c.d.graph.graph.GraphStateManager        : Edge removal skipped — edge not found source=user-service target=inventory-service eventId=f5b585e5-56b3-45e2-9fbb-a605885bcb6c
2026-05-17T18:05:55.969+05:30  WARN 264684 --- [service-dependency-analyzer] [ent-consumer-33] c.d.graph.graph.GraphStateManager        : Edge removal skipped — edge not found source=analytics-service target=shipping-service eventId=1d8202d9-c591-4444-8ef7-89354405ddc6
2026-05-17T18:05:55.970+05:30  WARN 264684 --- [service-dependency-analyzer] [ent-consumer-32] c.d.graph.graph.GraphStateManager        : Edge removal skipped — edge not found source=order-service target=shipping-service eventId=4cc7413e-dcd6-4f8f-8b0e-9b9caacb85c2
2026-05-17T18:05:55.971+05:30  WARN 264684 --- [service-dependency-analyzer] [ent-consumer-32] c.d.graph.graph.GraphStateManager        : Edge removal skipped — edge not found source=cart-service target=auth-service eventId=5aaba035-a5de-4175-be58-9a79d995f5ff
2026-05-17T18:05:55.972+05:30  WARN 264684 --- [service-dependency-analyzer] [ent-consumer-32] c.d.graph.graph.GraphStateManager        : Edge removal skipped — edge not found source=inventory-service target=search-service eventId=f9f61814-9929-455d-b8a2-ad552bad3b20
2026-05-17T18:05:55.972+05:30  WARN 264684 --- [service-dependency-analyzer] [ent-consumer-32] c.d.graph.graph.GraphStateManager        : Edge removal skipped — edge not found source=search-service target=cart-service eventId=80553065-bcc6-4357-93ac-0d6ed7126fa0
2026-05-17T18:05:55.970+05:30  WARN 264684 --- [service-dependency-analyzer] [ent-consumer-33] c.d.graph.graph.GraphStateManager        : Edge removal skipped — edge not found source=shipping-service target=cache-service eventId=e1dc0863-c356-4e01-84f4-aab12fdd5855
2026-05-17T18:05:55.982+05:30  WARN 264684 --- [service-dependency-analyzer] [ent-consumer-33] c.d.graph.graph.GraphStateManager        : Edge removal skipped — edge not found source=auth-service target=cart-service eventId=ae7d4f90-230d-4128-9328-8ba6101a9192
2026-05-17T18:05:55.983+05:30  WARN 264684 --- [service-dependency-analyzer] [ent-consumer-33] c.d.graph.graph.GraphStateManager        : Edge removal skipped — edge not found source=notification-service target=payment-service eventId=f4e226e7-b45f-4156-be41-248793559d36
2026-05-17T18:05:55.983+05:30  WARN 264684 --- [service-dependency-analyzer] [ent-consumer-33] c.d.graph.graph.GraphStateManager        : Edge removal skipped — edge not found source=auth-service target=payment-service eventId=4daedc87-100e-4215-bcf0-22854ff6b3af
2026-05-17T18:05:55.984+05:30  WARN 264684 --- [service-dependency-analyzer] [ent-consumer-33] c.d.graph.graph.GraphStateManager        : Edge removal skipped — edge not found source=recommendation-service target=user-service eventId=6d196a29-6874-4ccd-95e8-13a623121052
2026-05-17T18:05:55.984+05:30  WARN 264684 --- [service-dependency-analyzer] [ent-consumer-33] c.d.graph.graph.GraphStateManager        : Edge removal skipped — edge not found source=analytics-service target=notification-service eventId=bdefd529-6306-4847-8d55-b6d56786887d
2026-05-17T18:05:55.995+05:30  WARN 264684 --- [service-dependency-analyzer] [ent-consumer-32] c.d.graph.graph.GraphStateManager        : Edge removal skipped — edge not found source=gateway-api target=cart-service eventId=99d930ca-22ff-4724-b8dd-a4fd76bbfdcf
2026-05-17T18:05:55.995+05:30  WARN 264684 --- [service-dependency-analyzer] [ent-consumer-32] c.d.graph.graph.GraphStateManager        : Edge removal skipped — edge not found source=gateway-api target=auth-service eventId=234b289d-9257-444c-9362-fca213670364
2026-05-17T18:05:55.995+05:30  WARN 264684 --- [service-dependency-analyzer] [ent-consumer-32] c.d.graph.graph.GraphStateManager        : Edge removal skipped — edge not found source=cache-service target=catalog-service eventId=a008d949-4cf3-42fc-90b8-4f15ac31f0dc
2026-05-17T18:05:55.996+05:30  WARN 264684 --- [service-dependency-analyzer] [ent-consumer-32] c.d.graph.graph.GraphStateManager        : Edge removal skipped — edge not found source=billing-service target=cache-service eventId=7ddd94bc-a86e-4cb5-9b7b-b8c2189980f8
2026-05-17T18:05:55.996+05:30  WARN 264684 --- [service-dependency-analyzer] [ent-consumer-32] c.d.graph.graph.GraphStateManager        : Edge removal skipped — edge not found source=cache-service target=catalog-service eventId=ca935f19-b43a-4664-801e-118205102c58
2026-05-17T18:05:56.004+05:30  WARN 264684 --- [service-dependency-analyzer] [ent-consumer-33] c.d.graph.graph.GraphStateManager        : Edge removal skipped — edge not found source=cart-service target=notification-service eventId=f5cc0478-50fb-4af8-ab19-38ed9bec9c08
2026-05-17T18:05:56.005+05:30  WARN 264684 --- [service-dependency-analyzer] [ent-consumer-33] c.d.graph.graph.GraphStateManager        : Edge removal skipped — edge not found source=auth-service target=cart-service eventId=e091126a-50c7-4fb0-b735-66ccd4526d11
2026-05-17T18:05:56.006+05:30  WARN 264684 --- [service-dependency-analyzer] [ent-consumer-33] c.d.graph.graph.GraphStateManager        : Edge removal skipped — edge not found source=gateway-api target=auth-service eventId=8c96f242-cc39-491c-ba36-ecdee1e1e20e
2026-05-17T18:05:56.010+05:30  WARN 264684 --- [service-dependency-analyzer] [ent-consumer-32] c.d.graph.graph.GraphStateManager        : Edge removal skipped — edge not found source=gateway-api target=order-service eventId=b89222eb-0423-49c4-a04c-27342a0caa86
2026-05-17T18:05:56.011+05:30  WARN 264684 --- [service-dependency-analyzer] [ent-consumer-32] c.d.graph.graph.GraphStateManager        : Edge removal skipped — edge not found source=notification-service target=recommendation-service eventId=b8fcad15-80a6-4783-bfe4-980509e685f8
2026-05-17T18:05:56.011+05:30  WARN 264684 --- [service-dependency-analyzer] [ent-consumer-32] c.d.graph.graph.GraphStateManager        : Edge removal skipped — edge not found source=recommendation-service target=auth-service eventId=15427fa3-0a17-4d42-a3de-e96141d02b13
2026-05-17T18:05:56.020+05:30  WARN 264684 --- [service-dependency-analyzer] [ent-consumer-33] c.d.graph.graph.GraphStateManager        : Edge removal skipped — edge not found source=catalog-service target=cart-service eventId=d3dbde87-9bfd-40fd-9a86-5dfefeed1407
2026-05-17T18:05:56.022+05:30  WARN 264684 --- [service-dependency-analyzer] [ent-consumer-33] c.d.graph.graph.GraphStateManager        : Edge removal skipped — edge not found source=recommendation-service target=analytics-service eventId=1553f4f6-fde7-47c6-98e8-6c5078cdf84c
2026-05-17T18:05:56.025+05:30  INFO 264684 --- [service-dependency-analyzer] [pool-5-thread-2] c.d.graph.ingestion.EventProducer        : Producer thread completed thread=pool-5-thread-2 published=500
2026-05-17T18:05:56.027+05:30  WARN 264684 --- [service-dependency-analyzer] [ent-consumer-32] c.d.graph.graph.GraphStateManager        : Edge removal skipped — edge not found source=search-service target=user-service eventId=beb533da-9dcc-4a45-86d2-0bc4ca5dba2b
2026-05-17T18:05:56.027+05:30  WARN 264684 --- [service-dependency-analyzer] [ent-consumer-32] c.d.graph.graph.GraphStateManager        : Edge removal skipped — edge not found source=order-service target=search-service eventId=d2d8e428-122a-4e1d-a042-a8cac7f7f8d2
2026-05-17T18:05:56.038+05:30  WARN 264684 --- [service-dependency-analyzer] [ent-consumer-33] c.d.graph.graph.GraphStateManager        : Edge removal skipped — edge not found source=notification-service target=shipping-service eventId=19b94b7f-23c7-478b-9561-77cf55a0d30b
2026-05-17T18:05:56.039+05:30  WARN 264684 --- [service-dependency-analyzer] [ent-consumer-33] c.d.graph.graph.GraphStateManager        : Edge removal skipped — edge not found source=recommendation-service target=auth-service eventId=f2a01612-0685-41f7-9da5-9bef4e361834
2026-05-17T18:05:56.040+05:30  INFO 264684 --- [service-dependency-analyzer] [pool-5-thread-1] c.d.graph.ingestion.EventProducer        : Producer thread completed thread=pool-5-thread-1 published=500
2026-05-17T18:05:56.041+05:30  INFO 264684 --- [service-dependency-analyzer] [o-auto-1-exec-7] c.d.graph.ingestion.EventProducer        : Ingestion batch completed requestedCount=1000 publishedCount=1000 threads=2 durationMs=96 remainingQueueSize=412
2026-05-17T18:05:56.042+05:30  WARN 264684 --- [service-dependency-analyzer] [ent-consumer-32] c.d.graph.graph.GraphStateManager        : Edge removal skipped — edge not found source=shipping-service target=billing-service eventId=6c56d15e-0cfc-440c-9893-14e64a9f66de
2026-05-17T18:05:56.044+05:30  WARN 264684 --- [service-dependency-analyzer] [ent-consumer-32] c.d.graph.graph.GraphStateManager        : Edge removal skipped — edge not found source=recommendation-service target=shipping-service eventId=0db91d00-f15b-4d0e-8bae-4625faee85d7
2026-05-17T18:05:56.040+05:30  WARN 264684 --- [service-dependency-analyzer] [ent-consumer-33] c.d.graph.graph.GraphStateManager        : Edge removal skipped — edge not found source=notification-service target=shipping-service eventId=8f5ebb56-b97a-492b-af31-82e4b7218aa8
2026-05-17T18:05:56.065+05:30  WARN 264684 --- [service-dependency-analyzer] [ent-consumer-33] c.d.graph.graph.GraphStateManager        : Edge removal skipped — edge not found source=notification-service target=search-service eventId=34cd0ffc-52df-46be-b12d-18119c6107a0
2026-05-17T18:05:56.065+05:30  WARN 264684 --- [service-dependency-analyzer] [ent-consumer-33] c.d.graph.graph.GraphStateManager        : Edge removal skipped — edge not found source=order-service target=search-service eventId=4c9024c0-da32-4af4-9a08-0442b6c477ed
2026-05-17T18:05:56.067+05:30  WARN 264684 --- [service-dependency-analyzer] [ent-consumer-33] c.d.graph.graph.GraphStateManager        : Edge removal skipped — edge not found source=payment-service target=cart-service eventId=2e600da9-d7e8-432a-82af-0a74115b4307
2026-05-17T18:05:56.067+05:30  WARN 264684 --- [service-dependency-analyzer] [ent-consumer-32] c.d.graph.graph.GraphStateManager        : Edge removal skipped — edge not found source=shipping-service target=cache-service eventId=21c2551d-8620-4b38-84d2-7d62a60ee320
2026-05-17T18:05:56.076+05:30  WARN 264684 --- [service-dependency-analyzer] [ent-consumer-32] c.d.graph.graph.GraphStateManager        : Edge removal skipped — edge not found source=billing-service target=user-service eventId=7453cc08-f4dc-417a-ae11-a34f73068203
]]></system-out>
  </testcase>
  <testcase name="graphHasEdgesAfterBulkIngestion" classname="e2e.IngestionPipelineE2ETest$BulkIngestionTests" time="0.348">
    <system-out><![CDATA[2026-05-17T18:05:56.224+05:30  INFO 264684 --- [service-dependency-analyzer] [o-auto-1-exec-8] c.d.graph.ingestion.EventProducer        : Ingestion batch starting requestedCount=1000 threads=2 queueCapacity=500 currentQueueSize=0
2026-05-17T18:05:56.227+05:30  INFO 264684 --- [service-dependency-analyzer] [pool-6-thread-1] c.d.graph.ingestion.EventProducer        : Producer thread started thread=pool-6-thread-1 eventsToPublish=500
2026-05-17T18:05:56.227+05:30  INFO 264684 --- [service-dependency-analyzer] [pool-6-thread-2] c.d.graph.ingestion.EventProducer        : Producer thread started thread=pool-6-thread-2 eventsToPublish=500
2026-05-17T18:05:56.227+05:30  WARN 264684 --- [service-dependency-analyzer] [ent-consumer-33] c.d.graph.graph.GraphStateManager        : Edge removal skipped — edge not found source=cart-service target=recommendation-service eventId=e7a0dfef-9f18-4680-85ac-3d0f4bc58063
2026-05-17T18:05:56.228+05:30  WARN 264684 --- [service-dependency-analyzer] [ent-consumer-33] c.d.graph.graph.GraphStateManager        : Edge removal skipped — edge not found source=auth-service target=gateway-api eventId=6ccc55d6-5f45-4603-a2c9-6fd86ed0c0ec
2026-05-17T18:05:56.228+05:30  WARN 264684 --- [service-dependency-analyzer] [ent-consumer-33] c.d.graph.graph.GraphStateManager        : Edge removal skipped — edge not found source=payment-service target=user-service eventId=bf7aa9c0-572c-482d-8fc4-1b499c7d9900
2026-05-17T18:05:56.228+05:30  WARN 264684 --- [service-dependency-analyzer] [ent-consumer-33] c.d.graph.graph.GraphStateManager        : Edge removal skipped — edge not found source=recommendation-service target=search-service eventId=31fb2036-3fd5-48d6-9143-ae58f05ab5bb
2026-05-17T18:05:56.228+05:30  WARN 264684 --- [service-dependency-analyzer] [ent-consumer-33] c.d.graph.graph.GraphStateManager        : Edge removal skipped — edge not found source=billing-service target=payment-service eventId=b2b6e0e7-5910-4ab3-9450-93d2d6e1b035
2026-05-17T18:05:56.229+05:30  WARN 264684 --- [service-dependency-analyzer] [ent-consumer-33] c.d.graph.graph.GraphStateManager        : Edge removal skipped — edge not found source=notification-service target=inventory-service eventId=397532f3-628c-43c7-b190-94873ea42445
2026-05-17T18:05:56.229+05:30  WARN 264684 --- [service-dependency-analyzer] [ent-consumer-33] c.d.graph.graph.GraphStateManager        : Edge removal skipped — edge not found source=cart-service target=shipping-service eventId=2c0c0bd4-4145-44e4-8d24-6ab24235dbf7
2026-05-17T18:05:56.229+05:30  WARN 264684 --- [service-dependency-analyzer] [ent-consumer-33] c.d.graph.graph.GraphStateManager        : Edge removal skipped — edge not found source=user-service target=payment-service eventId=2100dc40-b398-4862-b54c-2560bc848e20
2026-05-17T18:05:56.230+05:30  WARN 264684 --- [service-dependency-analyzer] [ent-consumer-32] c.d.graph.graph.GraphStateManager        : Edge removal skipped — edge not found source=recommendation-service target=user-service eventId=32e7886a-4dd0-43b3-9def-f9c7c739c79b
2026-05-17T18:05:56.231+05:30  WARN 264684 --- [service-dependency-analyzer] [ent-consumer-32] c.d.graph.graph.GraphStateManager        : Edge removal skipped — edge not found source=auth-service target=payment-service eventId=3c1473d1-84bb-4ba8-a68d-96b375122f2d
2026-05-17T18:05:56.230+05:30  WARN 264684 --- [service-dependency-analyzer] [ent-consumer-33] c.d.graph.graph.GraphStateManager        : Edge removal skipped — edge not found source=payment-service target=search-service eventId=da3d4159-0892-43de-9348-0cb4b9763e82
2026-05-17T18:05:56.250+05:30  WARN 264684 --- [service-dependency-analyzer] [ent-consumer-33] c.d.graph.graph.GraphStateManager        : Edge removal skipped — edge not found source=analytics-service target=user-service eventId=f4dbd0fd-9a86-48a2-916f-ea63e8421deb
2026-05-17T18:05:56.251+05:30  WARN 264684 --- [service-dependency-analyzer] [ent-consumer-33] c.d.graph.graph.GraphStateManager        : Edge removal skipped — edge not found source=cart-service target=gateway-api eventId=fd4fc660-866f-4f1c-97e9-63117f146b49
2026-05-17T18:05:56.251+05:30  WARN 264684 --- [service-dependency-analyzer] [ent-consumer-33] c.d.graph.graph.GraphStateManager        : Edge removal skipped — edge not found source=notification-service target=analytics-service eventId=4fbf34c0-16fe-4895-a675-becb182960af
2026-05-17T18:05:56.252+05:30  WARN 264684 --- [service-dependency-analyzer] [ent-consumer-33] c.d.graph.graph.GraphStateManager        : Edge removal skipped — edge not found source=payment-service target=search-service eventId=efc9ceaf-ffb3-43cb-bcd6-c66df19bbbcb
2026-05-17T18:05:56.253+05:30  WARN 264684 --- [service-dependency-analyzer] [ent-consumer-33] c.d.graph.graph.GraphStateManager        : Edge removal skipped — edge not found source=payment-service target=search-service eventId=55ef192f-bf49-4bae-8b41-795d3622e672
2026-05-17T18:05:56.266+05:30  WARN 264684 --- [service-dependency-analyzer] [ent-consumer-33] c.d.graph.graph.GraphStateManager        : Edge removal skipped — edge not found source=shipping-service target=inventory-service eventId=489acd6e-4e6e-4ce0-976f-0671bea26d96
2026-05-17T18:05:56.267+05:30  WARN 264684 --- [service-dependency-analyzer] [ent-consumer-32] c.d.graph.graph.GraphStateManager        : Edge removal skipped — edge not found source=payment-service target=search-service eventId=4863c618-83d8-42fa-b2e7-4d89d5c58645
2026-05-17T18:05:56.267+05:30  WARN 264684 --- [service-dependency-analyzer] [ent-consumer-33] c.d.graph.graph.GraphStateManager        : Edge removal skipped — edge not found source=payment-service target=search-service eventId=71739c49-bf90-4d30-8d2c-bd19c5cf7b09
2026-05-17T18:05:56.268+05:30  WARN 264684 --- [service-dependency-analyzer] [ent-consumer-33] c.d.graph.graph.GraphStateManager        : Edge removal skipped — edge not found source=analytics-service target=auth-service eventId=e40f6049-5571-4e6f-a0d6-a27a12763ef4
2026-05-17T18:05:56.268+05:30  WARN 264684 --- [service-dependency-analyzer] [ent-consumer-32] c.d.graph.graph.GraphStateManager        : Edge removal skipped — edge not found source=auth-service target=gateway-api eventId=31ad5d94-f749-4fdb-a030-8bb4a9682c9d
2026-05-17T18:05:56.268+05:30  WARN 264684 --- [service-dependency-analyzer] [ent-consumer-32] c.d.graph.graph.GraphStateManager        : Edge removal skipped — edge not found source=analytics-service target=cart-service eventId=dad08a38-08b2-4cd0-b2bb-85cd71a05cdf
2026-05-17T18:05:56.269+05:30  WARN 264684 --- [service-dependency-analyzer] [ent-consumer-32] c.d.graph.graph.GraphStateManager        : Edge removal skipped — edge not found source=order-service target=catalog-service eventId=b3bd69fd-ee7d-4445-afea-5abde46e4bb4
2026-05-17T18:05:56.273+05:30  INFO 264684 --- [service-dependency-analyzer] [pool-6-thread-1] c.d.graph.ingestion.EventProducer        : Producer thread completed thread=pool-6-thread-1 published=500
2026-05-17T18:05:56.275+05:30  INFO 264684 --- [service-dependency-analyzer] [pool-6-thread-2] c.d.graph.ingestion.EventProducer        : Producer thread completed thread=pool-6-thread-2 published=500
2026-05-17T18:05:56.277+05:30  INFO 264684 --- [service-dependency-analyzer] [o-auto-1-exec-8] c.d.graph.ingestion.EventProducer        : Ingestion batch completed requestedCount=1000 publishedCount=1000 threads=2 durationMs=54 remainingQueueSize=495
2026-05-17T18:05:56.279+05:30  WARN 264684 --- [service-dependency-analyzer] [ent-consumer-33] c.d.graph.graph.GraphStateManager        : Edge removal skipped — edge not found source=notification-service target=auth-service eventId=e72f0524-29ad-4346-850b-944f8bb8e348
2026-05-17T18:05:56.281+05:30  WARN 264684 --- [service-dependency-analyzer] [ent-consumer-33] c.d.graph.graph.GraphStateManager        : Edge removal skipped — edge not found source=cart-service target=recommendation-service eventId=46d4c4a8-2b4d-4122-97dc-98376d5fb508
2026-05-17T18:05:56.284+05:30  WARN 264684 --- [service-dependency-analyzer] [ent-consumer-32] c.d.graph.graph.GraphStateManager        : Edge removal skipped — edge not found source=gateway-api target=analytics-service eventId=abcd9edf-c2f7-44d0-a846-09958e429479
2026-05-17T18:05:56.286+05:30  WARN 264684 --- [service-dependency-analyzer] [ent-consumer-32] c.d.graph.graph.GraphStateManager        : Edge removal skipped — edge not found source=cart-service target=gateway-api eventId=b0778050-1ae0-4b1d-98b3-2b152255d548
2026-05-17T18:05:56.299+05:30  WARN 264684 --- [service-dependency-analyzer] [ent-consumer-32] c.d.graph.graph.GraphStateManager        : Edge removal skipped — edge not found source=payment-service target=billing-service eventId=faf408c3-e421-466b-baf8-cb2de00dac75
2026-05-17T18:05:56.299+05:30  WARN 264684 --- [service-dependency-analyzer] [ent-consumer-33] c.d.graph.graph.GraphStateManager        : Edge removal skipped — edge not found source=billing-service target=inventory-service eventId=f7c4b095-ae3d-44b1-b2f8-9967191391ec
]]></system-out>
  </testcase>
</testsuite>