<?xml version="1.0" encoding="UTF-8"?>
<testsuite xmlns:xsi="http://www.w3.org/2001/XMLSchema-instance" xsi:noNamespaceSchemaLocation="https://maven.apache.org/surefire/maven-surefire-plugin/xsd/surefire-test-report-3.0.xsd" version="3.0" name="e2e.GracefulShutdownE2ETest$ConsumerDrainTests" time="0.853" tests="2" errors="0" skipped="0" failures="0">
  <properties>
[...]
</properties>
  <testcase name="allPublishedEventsAreProcessedBeforeShutdownSnapshot" classname="e2e.GracefulShutdownE2ETest$ConsumerDrainTests" time="0.493">
    <system-out><![CDATA[2026-05-17T18:06:06.433+05:30  INFO 264684 --- [service-dependency-analyzer] [o-auto-2-exec-5] c.d.graph.ingestion.IngestionService     : Publishing single event eventId=ec662482-3e57-4402-9ad3-a1b15d1c5069 type=DEPENDENCY_OBSERVED source=drain-0 target=drain-sink
2026-05-17T18:06:06.448+05:30  INFO 264684 --- [service-dependency-analyzer] [o-auto-2-exec-6] c.d.graph.ingestion.IngestionService     : Publishing single event eventId=2ad695b1-b216-4112-a6ff-7e307bc0936c type=DEPENDENCY_OBSERVED source=drain-1 target=drain-sink
2026-05-17T18:06:06.461+05:30  INFO 264684 --- [service-dependency-analyzer] [o-auto-2-exec-7] c.d.graph.ingestion.IngestionService     : Publishing single event eventId=f0367c24-84f2-465f-9cbe-cca17c0a5f23 type=DEPENDENCY_OBSERVED source=drain-2 target=drain-sink
2026-05-17T18:06:06.475+05:30  INFO 264684 --- [service-dependency-analyzer] [o-auto-2-exec-9] c.d.graph.ingestion.IngestionService     : Publishing single event eventId=cd302482-4b3a-499b-b052-a0f3fb562978 type=DEPENDENCY_OBSERVED source=drain-3 target=drain-sink
2026-05-17T18:06:06.489+05:30  INFO 264684 --- [service-dependency-analyzer] [-auto-2-exec-10] c.d.graph.ingestion.IngestionService     : Publishing single event eventId=1002bd24-8478-40c3-a569-a16f9162d1d1 type=DEPENDENCY_OBSERVED source=drain-4 target=drain-sink
2026-05-17T18:06:06.513+05:30  INFO 264684 --- [service-dependency-analyzer] [o-auto-2-exec-8] c.d.graph.ingestion.IngestionService     : Publishing single event eventId=ccab108d-5484-437e-a856-b3596c1b64f5 type=DEPENDENCY_OBSERVED source=drain-5 target=drain-sink
2026-05-17T18:06:06.543+05:30  INFO 264684 --- [service-dependency-analyzer] [o-auto-2-exec-1] c.d.graph.ingestion.IngestionService     : Publishing single event eventId=6e8e277b-9d2c-4192-8f95-38ad4598135b type=DEPENDENCY_OBSERVED source=drain-6 target=drain-sink
2026-05-17T18:06:06.572+05:30  INFO 264684 --- [service-dependency-analyzer] [o-auto-2-exec-2] c.d.graph.ingestion.IngestionService     : Publishing single event eventId=9a4e9f93-ab5c-45fa-8b54-1888f6f18882 type=DEPENDENCY_OBSERVED source=drain-7 target=drain-sink
2026-05-17T18:06:06.612+05:30  INFO 264684 --- [service-dependency-analyzer] [o-auto-2-exec-3] c.d.graph.ingestion.IngestionService     : Publishing single event eventId=2dc32002-edea-40a9-ae54-1835e6c4d839 type=DEPENDENCY_OBSERVED source=drain-8 target=drain-sink
2026-05-17T18:06:06.646+05:30  INFO 264684 --- [service-dependency-analyzer] [o-auto-2-exec-4] c.d.graph.ingestion.IngestionService     : Publishing single event eventId=0792212d-e4fa-466c-b721-457fae51f6f8 type=DEPENDENCY_OBSERVED source=drain-9 target=drain-sink
2026-05-17T18:06:06.683+05:30  INFO 264684 --- [service-dependency-analyzer] [o-auto-2-exec-5] c.d.graph.ingestion.IngestionService     : Publishing single event eventId=fa0535dc-c273-46a3-ab85-a6c3f2594b4b type=DEPENDENCY_OBSERVED source=drain-10 target=drain-sink
2026-05-17T18:06:06.707+05:30  INFO 264684 --- [service-dependency-analyzer] [o-auto-2-exec-6] c.d.graph.ingestion.IngestionService     : Publishing single event eventId=d195ba94-09bc-416b-ae41-85b9f55b4f8e type=DEPENDENCY_OBSERVED source=drain-11 target=drain-sink
2026-05-17T18:06:06.734+05:30  INFO 264684 --- [service-dependency-analyzer] [o-auto-2-exec-7] c.d.graph.ingestion.IngestionService     : Publishing single event eventId=8d37b37d-303e-4f72-bb80-2ed2d8003514 type=DEPENDENCY_OBSERVED source=drain-12 target=drain-sink
2026-05-17T18:06:06.760+05:30  INFO 264684 --- [service-dependency-analyzer] [o-auto-2-exec-9] c.d.graph.ingestion.IngestionService     : Publishing single event eventId=349563d6-c021-403d-aa37-5a1889bb7e2b type=DEPENDENCY_OBSERVED source=drain-13 target=drain-sink
2026-05-17T18:06:06.780+05:30  INFO 264684 --- [service-dependency-analyzer] [-auto-2-exec-10] c.d.graph.ingestion.IngestionService     : Publishing single event eventId=cee5f74d-5810-4521-92b8-149bf81d295a type=DEPENDENCY_OBSERVED source=drain-14 target=drain-sink
2026-05-17T18:06:06.844+05:30  INFO 264684 --- [service-dependency-analyzer] [           main] c.d.graph.persistence.SnapshotManager    : Snapshot save started path=/tmp/graceful-shutdown-e2e-test.json
2026-05-17T18:06:06.848+05:30  INFO 264684 --- [service-dependency-analyzer] [           main] c.d.graph.persistence.SnapshotManager    : Snapshot save completed edges=15 services=0 eventIds=15 durationMs=4 path=/tmp/graceful-shutdown-e2e-test.json
]]></system-out>
  </testcase>
  <testcase name="concurrentProducersDoNotLoseEventsBeforeShutdown" classname="e2e.GracefulShutdownE2ETest$ConsumerDrainTests" time="0.301">
    <system-out><![CDATA[2026-05-17T18:06:06.953+05:30  INFO 264684 --- [service-dependency-analyzer] [o-auto-2-exec-8] c.d.graph.ingestion.IngestionService     : Publishing single event eventId=2840c3d0-8411-40a6-b666-6ff294baeabc type=DEPENDENCY_OBSERVED source=prod-0-0 target=prod-sink
2026-05-17T18:06:06.960+05:30  INFO 264684 --- [service-dependency-analyzer] [o-auto-2-exec-1] c.d.graph.ingestion.IngestionService     : Publishing single event eventId=3f75cd4b-687a-4cdc-9238-9fd0a62989c7 type=DEPENDENCY_OBSERVED source=prod-2-0 target=prod-sink
2026-05-17T18:06:06.964+05:30  INFO 264684 --- [service-dependency-analyzer] [o-auto-2-exec-2] c.d.graph.ingestion.IngestionService     : Publishing single event eventId=62f3b959-42cd-492a-a28b-c28cf0d61084 type=DEPENDENCY_OBSERVED source=prod-1-0 target=prod-sink
2026-05-17T18:06:06.983+05:30  INFO 264684 --- [service-dependency-analyzer] [o-auto-2-exec-2] c.d.graph.ingestion.IngestionService     : Publishing single event eventId=b6f9d59d-2531-42f2-acd9-6680860eaf76 type=DEPENDENCY_OBSERVED source=prod-0-1 target=prod-sink
2026-05-17T18:06:06.985+05:30  INFO 264684 --- [service-dependency-analyzer] [o-auto-2-exec-5] c.d.graph.ingestion.IngestionService     : Publishing single event eventId=3ad37635-2efa-4f3e-9889-c23cedb09064 type=DEPENDENCY_OBSERVED source=prod-1-1 target=prod-sink
2026-05-17T18:06:06.983+05:30  INFO 264684 --- [service-dependency-analyzer] [o-auto-2-exec-4] c.d.graph.ingestion.IngestionService     : Publishing single event eventId=3ffca088-3e50-442b-bef8-1aa99bb1b819 type=DEPENDENCY_OBSERVED source=prod-2-1 target=prod-sink
2026-05-17T18:06:07.001+05:30  INFO 264684 --- [service-dependency-analyzer] [o-auto-2-exec-6] c.d.graph.ingestion.IngestionService     : Publishing single event eventId=9f7c2aa7-c7d7-4e90-a98c-d3d874254916 type=DEPENDENCY_OBSERVED source=prod-0-2 target=prod-sink
2026-05-17T18:06:07.009+05:30  INFO 264684 --- [service-dependency-analyzer] [o-auto-2-exec-6] c.d.graph.ingestion.IngestionService     : Publishing single event eventId=b2eba742-561e-455e-80fa-2a7ee82951bd type=DEPENDENCY_OBSERVED source=prod-2-2 target=prod-sink
2026-05-17T18:06:07.013+05:30  INFO 264684 --- [service-dependency-analyzer] [o-auto-2-exec-7] c.d.graph.ingestion.IngestionService     : Publishing single event eventId=791e2772-ef4e-4751-ab73-83e79583a355 type=DEPENDENCY_OBSERVED source=prod-1-2 target=prod-sink
2026-05-17T18:06:07.021+05:30  INFO 264684 --- [service-dependency-analyzer] [-auto-2-exec-10] c.d.graph.ingestion.IngestionService     : Publishing single event eventId=3123b5ec-5a85-4763-9e3f-6f0d7157e66f type=DEPENDENCY_OBSERVED source=prod-0-3 target=prod-sink
2026-05-17T18:06:07.026+05:30  INFO 264684 --- [service-dependency-analyzer] [o-auto-2-exec-7] c.d.graph.ingestion.IngestionService     : Publishing single event eventId=16fe1802-3f58-4a71-b0b4-cb92948c8287 type=DEPENDENCY_OBSERVED source=prod-2-3 target=prod-sink
2026-05-17T18:06:07.032+05:30  INFO 264684 --- [service-dependency-analyzer] [o-auto-2-exec-8] c.d.graph.ingestion.IngestionService     : Publishing single event eventId=62f23bc8-d102-434f-b103-2ba630f83ade type=DEPENDENCY_OBSERVED source=prod-3-0 target=prod-sink
2026-05-17T18:06:07.036+05:30  INFO 264684 --- [service-dependency-analyzer] [o-auto-2-exec-1] c.d.graph.ingestion.IngestionService     : Publishing single event eventId=ea41623d-97be-4ba4-82d6-13b2fd22c8b6 type=DEPENDENCY_OBSERVED source=prod-1-3 target=prod-sink
2026-05-17T18:06:07.046+05:30  INFO 264684 --- [service-dependency-analyzer] [o-auto-2-exec-2] c.d.graph.ingestion.IngestionService     : Publishing single event eventId=ee4edee4-77f6-47fd-b461-d5e0cb040021 type=DEPENDENCY_OBSERVED source=prod-4-0 target=prod-sink
2026-05-17T18:06:07.063+05:30  INFO 264684 --- [service-dependency-analyzer] [o-auto-2-exec-4] c.d.graph.ingestion.IngestionService     : Publishing single event eventId=995e1760-56ea-4ffe-b1b5-314812a99215 type=DEPENDENCY_OBSERVED source=prod-3-1 target=prod-sink
2026-05-17T18:06:07.070+05:30  INFO 264684 --- [service-dependency-analyzer] [o-auto-2-exec-5] c.d.graph.ingestion.IngestionService     : Publishing single event eventId=5ebcc42d-9e54-47a1-be2f-02d0338c01eb type=DEPENDENCY_OBSERVED source=prod-4-1 target=prod-sink
2026-05-17T18:06:07.088+05:30  INFO 264684 --- [service-dependency-analyzer] [o-auto-2-exec-9] c.d.graph.ingestion.IngestionService     : Publishing single event eventId=5f1797ea-93cc-4e4b-8378-0fa9447ab785 type=DEPENDENCY_OBSERVED source=prod-4-2 target=prod-sink
2026-05-17T18:06:07.089+05:30  INFO 264684 --- [service-dependency-analyzer] [o-auto-2-exec-5] c.d.graph.ingestion.IngestionService     : Publishing single event eventId=ecfb37e1-56da-4db5-9070-3654c4bee529 type=DEPENDENCY_OBSERVED source=prod-3-2 target=prod-sink
2026-05-17T18:06:07.098+05:30  INFO 264684 --- [service-dependency-analyzer] [-auto-2-exec-10] c.d.graph.ingestion.IngestionService     : Publishing single event eventId=860cb444-4839-41e6-9502-2c163c11ecfa type=DEPENDENCY_OBSERVED source=prod-3-3 target=prod-sink
2026-05-17T18:06:07.103+05:30  INFO 264684 --- [service-dependency-analyzer] [o-auto-2-exec-3] c.d.graph.ingestion.IngestionService     : Publishing single event eventId=e0ff2aab-1959-4d3b-9443-abc46018364f type=DEPENDENCY_OBSERVED source=prod-4-3 target=prod-sink
2026-05-17T18:06:07.161+05:30  INFO 264684 --- [service-dependency-analyzer] [           main] c.d.graph.persistence.SnapshotManager    : Snapshot save started path=/tmp/graceful-shutdown-e2e-test.json
2026-05-17T18:06:07.164+05:30  INFO 264684 --- [service-dependency-analyzer] [           main] c.d.graph.persistence.SnapshotManager    : Snapshot save completed edges=20 services=0 eventIds=20 durationMs=1 path=/tmp/graceful-shutdown-e2e-test.json
]]></system-out>
  </testcase>
</testsuite>