<?xml version="1.0" encoding="UTF-8"?>
<testsuite xmlns:xsi="http://www.w3.org/2001/XMLSchema-instance" xsi:noNamespaceSchemaLocation="https://maven.apache.org/surefire/maven-failsafe-plugin/xsd/failsafe-test-report-3.0.xsd" version="3.0" name="e2e.OutOfOrderEventE2ETest$ConcurrentPublishingTests" time="0.712" tests="2" errors="0" skipped="0" failures="0">
  <properties>
[...]
</properties>
  <testcase name="concurrentObserveRemoveOnSharedEdgeYieldsConsistentState" classname="e2e.OutOfOrderEventE2ETest$ConcurrentPublishingTests" time="0.292">
    <system-out><![CDATA[2026-05-17T18:07:03.245+05:30  INFO 266362 --- [service-dependency-analyzer] [o-auto-1-exec-8] c.d.graph.ingestion.IngestionService     : Publishing single event eventId=4142f491-e2f1-4188-816e-49ab5a8256c4 type=DEPENDENCY_OBSERVED source=shared-src target=shared-tgt
2026-05-17T18:07:03.249+05:30  INFO 266362 --- [service-dependency-analyzer] [o-auto-1-exec-9] c.d.graph.ingestion.IngestionService     : Publishing single event eventId=01901dd3-3ad2-429b-bc08-b1ff1150996f type=DEPENDENCY_OBSERVED source=shared-src target=shared-tgt
2026-05-17T18:07:03.254+05:30  INFO 266362 --- [service-dependency-analyzer] [-auto-1-exec-10] c.d.graph.ingestion.IngestionService     : Publishing single event eventId=bbeb92bd-b6f9-4f3c-b0cd-37dc496a3b4d type=DEPENDENCY_REMOVED source=shared-src target=shared-tgt
2026-05-17T18:07:03.274+05:30  INFO 266362 --- [service-dependency-analyzer] [o-auto-1-exec-3] c.d.graph.ingestion.IngestionService     : Publishing single event eventId=b14ab1ad-606d-40dd-8d10-06ec2e03bd2f type=DEPENDENCY_REMOVED source=shared-src target=shared-tgt
2026-05-17T18:07:03.274+05:30  WARN 266362 --- [service-dependency-analyzer] [ent-consumer-32] c.d.graph.graph.GraphStateManager        : Edge removal skipped — edge not found source=shared-src target=shared-tgt eventId=b14ab1ad-606d-40dd-8d10-06ec2e03bd2f
2026-05-17T18:07:03.281+05:30  INFO 266362 --- [service-dependency-analyzer] [o-auto-1-exec-2] c.d.graph.ingestion.IngestionService     : Publishing single event eventId=219e04fc-3acf-4a61-8912-4c57225b61e5 type=DEPENDENCY_OBSERVED source=shared-src target=shared-tgt
2026-05-17T18:07:03.301+05:30  INFO 266362 --- [service-dependency-analyzer] [o-auto-1-exec-3] c.d.graph.ingestion.IngestionService     : Publishing single event eventId=e3db325f-dcfc-466f-a487-95ee6b2b9890 type=DEPENDENCY_REMOVED source=shared-src target=shared-tgt
2026-05-17T18:07:03.299+05:30  INFO 266362 --- [service-dependency-analyzer] [o-auto-1-exec-2] c.d.graph.ingestion.IngestionService     : Publishing single event eventId=27803f7b-df6e-413c-924c-bc6cff3af278 type=DEPENDENCY_OBSERVED source=shared-src target=shared-tgt
2026-05-17T18:07:03.309+05:30  INFO 266362 --- [service-dependency-analyzer] [o-auto-1-exec-7] c.d.graph.ingestion.IngestionService     : Publishing single event eventId=d14c2b5b-f8e4-4811-9058-1d7c8dea5871 type=DEPENDENCY_REMOVED source=shared-src target=shared-tgt
2026-05-17T18:07:03.334+05:30  INFO 266362 --- [service-dependency-analyzer] [o-auto-1-exec-4] c.d.graph.ingestion.IngestionService     : Publishing single event eventId=092450fe-c795-4dc5-bf8d-4b6077e6862c type=DEPENDENCY_OBSERVED source=shared-sentinel target=shared-end
]]></system-out>
  </testcase>
  <testcase name="concurrentProducersWithIsolatedEdgePairsAllTerminalObservesProcessed" classname="e2e.OutOfOrderEventE2ETest$ConcurrentPublishingTests" time="0.374">
    <system-out><![CDATA[2026-05-17T18:07:03.550+05:30  INFO 266362 --- [service-dependency-analyzer] [o-auto-1-exec-5] c.d.graph.ingestion.IngestionService     : Publishing single event eventId=0f3a469d-603d-4791-8542-687454199b4a type=DEPENDENCY_REMOVED source=conc-0-src target=conc-0-tgt
2026-05-17T18:07:03.550+05:30  WARN 266362 --- [service-dependency-analyzer] [ent-consumer-32] c.d.graph.graph.GraphStateManager        : Edge removal skipped — edge not found source=conc-0-src target=conc-0-tgt eventId=0f3a469d-603d-4791-8542-687454199b4a
2026-05-17T18:07:03.551+05:30  INFO 266362 --- [service-dependency-analyzer] [o-auto-1-exec-8] c.d.graph.ingestion.IngestionService     : Publishing single event eventId=64ffe5b2-cfd5-4293-ba8a-c0d881043287 type=DEPENDENCY_REMOVED source=conc-1-src target=conc-1-tgt
2026-05-17T18:07:03.551+05:30  WARN 266362 --- [service-dependency-analyzer] [ent-consumer-33] c.d.graph.graph.GraphStateManager        : Edge removal skipped — edge not found source=conc-1-src target=conc-1-tgt eventId=64ffe5b2-cfd5-4293-ba8a-c0d881043287
2026-05-17T18:07:03.553+05:30  INFO 266362 --- [service-dependency-analyzer] [o-auto-1-exec-9] c.d.graph.ingestion.IngestionService     : Publishing single event eventId=cd949b40-b1b1-4dab-bd0f-a9d495f10feb type=DEPENDENCY_REMOVED source=conc-2-src target=conc-2-tgt
2026-05-17T18:07:03.553+05:30  WARN 266362 --- [service-dependency-analyzer] [ent-consumer-32] c.d.graph.graph.GraphStateManager        : Edge removal skipped — edge not found source=conc-2-src target=conc-2-tgt eventId=cd949b40-b1b1-4dab-bd0f-a9d495f10feb
2026-05-17T18:07:03.565+05:30  INFO 266362 --- [service-dependency-analyzer] [-auto-1-exec-10] c.d.graph.ingestion.IngestionService     : Publishing single event eventId=5b93c8ae-03f2-4982-abca-aefbc2282bc1 type=DEPENDENCY_OBSERVED source=conc-0-src target=conc-0-tgt
2026-05-17T18:07:03.584+05:30  INFO 266362 --- [service-dependency-analyzer] [o-auto-1-exec-6] c.d.graph.ingestion.IngestionService     : Publishing single event eventId=2b526f0f-27ab-4cec-8558-af2a11144360 type=DEPENDENCY_OBSERVED source=conc-2-src target=conc-2-tgt
2026-05-17T18:07:03.589+05:30  INFO 266362 --- [service-dependency-analyzer] [o-auto-1-exec-1] c.d.graph.ingestion.IngestionService     : Publishing single event eventId=b1dfaf43-99d8-4e25-883b-5ce102378880 type=DEPENDENCY_OBSERVED source=conc-1-src target=conc-1-tgt
2026-05-17T18:07:03.607+05:30  INFO 266362 --- [service-dependency-analyzer] [o-auto-1-exec-3] c.d.graph.ingestion.IngestionService     : Publishing single event eventId=4da1dcd2-2ccf-4f00-a9df-5a26db16fd0a type=DEPENDENCY_REMOVED source=conc-0-src target=conc-0-tgt
2026-05-17T18:07:03.610+05:30  INFO 266362 --- [service-dependency-analyzer] [o-auto-1-exec-2] c.d.graph.ingestion.IngestionService     : Publishing single event eventId=01387691-d842-48e1-97b6-e64c1ff58cf6 type=DEPENDENCY_REMOVED source=conc-2-src target=conc-2-tgt
2026-05-17T18:07:03.612+05:30  INFO 266362 --- [service-dependency-analyzer] [o-auto-1-exec-7] c.d.graph.ingestion.IngestionService     : Publishing single event eventId=caec546c-883a-4206-939a-30869b4ca4ba type=DEPENDENCY_REMOVED source=conc-1-src target=conc-1-tgt
2026-05-17T18:07:03.629+05:30  INFO 266362 --- [service-dependency-analyzer] [o-auto-1-exec-7] c.d.graph.ingestion.IngestionService     : Publishing single event eventId=c21df5f7-bed5-45ec-b5e1-94ce6a6b3c39 type=DEPENDENCY_OBSERVED source=conc-2-src target=conc-2-tgt
2026-05-17T18:07:03.633+05:30  INFO 266362 --- [service-dependency-analyzer] [o-auto-1-exec-5] c.d.graph.ingestion.IngestionService     : Publishing single event eventId=e4a4c3cc-4b76-4bd4-8ae4-b1066d688a59 type=DEPENDENCY_OBSERVED source=conc-0-src target=conc-0-tgt
2026-05-17T18:07:03.639+05:30  INFO 266362 --- [service-dependency-analyzer] [o-auto-1-exec-8] c.d.graph.ingestion.IngestionService     : Publishing single event eventId=da0dc9ef-9657-4218-a43e-69fbae4a192c type=DEPENDENCY_OBSERVED source=conc-1-src target=conc-1-tgt
2026-05-17T18:07:03.646+05:30  INFO 266362 --- [service-dependency-analyzer] [o-auto-1-exec-5] c.d.graph.ingestion.IngestionService     : Publishing single event eventId=cd4b971d-5734-40d6-80de-091535598da4 type=DEPENDENCY_REMOVED source=conc-3-src target=conc-3-tgt
2026-05-17T18:07:03.646+05:30  WARN 266362 --- [service-dependency-analyzer] [ent-consumer-32] c.d.graph.graph.GraphStateManager        : Edge removal skipped — edge not found source=conc-3-src target=conc-3-tgt eventId=cd4b971d-5734-40d6-80de-091535598da4
2026-05-17T18:07:03.656+05:30  INFO 266362 --- [service-dependency-analyzer] [o-auto-1-exec-5] c.d.graph.ingestion.IngestionService     : Publishing single event eventId=a654db68-b100-44be-bef0-fc5a58ceb7ee type=DEPENDENCY_REMOVED source=conc-4-src target=conc-4-tgt
2026-05-17T18:07:03.656+05:30  WARN 266362 --- [service-dependency-analyzer] [ent-consumer-33] c.d.graph.graph.GraphStateManager        : Edge removal skipped — edge not found source=conc-4-src target=conc-4-tgt eventId=a654db68-b100-44be-bef0-fc5a58ceb7ee
2026-05-17T18:07:03.664+05:30  INFO 266362 --- [service-dependency-analyzer] [-auto-1-exec-10] c.d.graph.ingestion.IngestionService     : Publishing single event eventId=85baa44c-be32-4b9f-863f-c292ccecde21 type=DEPENDENCY_OBSERVED source=conc-3-src target=conc-3-tgt
2026-05-17T18:07:03.667+05:30  INFO 266362 --- [service-dependency-analyzer] [o-auto-1-exec-6] c.d.graph.ingestion.IngestionService     : Publishing single event eventId=af38f0d1-3881-4f2e-b81a-81a0ed79130e type=DEPENDENCY_OBSERVED source=conc-4-src target=conc-4-tgt
2026-05-17T18:07:03.682+05:30  INFO 266362 --- [service-dependency-analyzer] [o-auto-1-exec-1] c.d.graph.ingestion.IngestionService     : Publishing single event eventId=a25b06a5-8c57-4a40-9998-fad39cf766f8 type=DEPENDENCY_REMOVED source=conc-4-src target=conc-4-tgt
2026-05-17T18:07:03.692+05:30  INFO 266362 --- [service-dependency-analyzer] [o-auto-1-exec-2] c.d.graph.ingestion.IngestionService     : Publishing single event eventId=13d40286-48df-44dd-acb7-77e149bb89ed type=DEPENDENCY_REMOVED source=conc-3-src target=conc-3-tgt
2026-05-17T18:07:03.710+05:30  INFO 266362 --- [service-dependency-analyzer] [o-auto-1-exec-4] c.d.graph.ingestion.IngestionService     : Publishing single event eventId=8ff73022-10b0-48d0-8f92-65b2a804a2cb type=DEPENDENCY_OBSERVED source=conc-4-src target=conc-4-tgt
2026-05-17T18:07:03.718+05:30  INFO 266362 --- [service-dependency-analyzer] [o-auto-1-exec-3] c.d.graph.ingestion.IngestionService     : Publishing single event eventId=b3a0a678-306b-45a0-ac6d-29d742814fde type=DEPENDENCY_OBSERVED source=conc-3-src target=conc-3-tgt
]]></system-out>
  </testcase>
</testsuite>