<?xml version="1.0" encoding="UTF-8"?>
<testsuite xmlns:xsi="http://www.w3.org/2001/XMLSchema-instance" xsi:noNamespaceSchemaLocation="https://maven.apache.org/surefire/maven-failsafe-plugin/xsd/failsafe-test-report-3.0.xsd" version="3.0" name="e2e.IngestionPipelineE2ETest$ConcurrencyTests" time="1.578" tests="2" errors="0" skipped="0" failures="0">
  <properties>
[...]
</properties>
  <testcase name="concurrentPublishersAllEventsProcessed" classname="e2e.IngestionPipelineE2ETest$ConcurrencyTests" time="1.192">
    <system-out><![CDATA[2026-05-17T18:06:58.095+05:30  INFO 266362 --- [service-dependency-analyzer] [o-auto-1-exec-5] c.d.graph.ingestion.IngestionService     : Publishing single event eventId=8940e3b1-b50c-41e1-9015-bbb3ad51964b type=DEPENDENCY_OBSERVED source=concurrent-src-0 target=concurrent-tgt-0
2026-05-17T18:06:58.104+05:30  INFO 266362 --- [service-dependency-analyzer] [o-auto-1-exec-4] c.d.graph.ingestion.IngestionService     : Publishing single event eventId=3e6558ba-b4ee-4c50-b1f6-57cfbdf35f41 type=DEPENDENCY_OBSERVED source=concurrent-src-1 target=concurrent-tgt-0
2026-05-17T18:06:58.099+05:30  INFO 266362 --- [service-dependency-analyzer] [o-auto-1-exec-6] c.d.graph.ingestion.IngestionService     : Publishing single event eventId=226a8b58-fa8b-4e3c-829b-49f8b63421fe type=DEPENDENCY_OBSERVED source=concurrent-src-2 target=concurrent-tgt-0
2026-05-17T18:06:58.130+05:30  INFO 266362 --- [service-dependency-analyzer] [o-auto-1-exec-8] c.d.graph.ingestion.IngestionService     : Publishing single event eventId=82eb6ab9-392e-4af5-944c-ee1e38536764 type=DEPENDENCY_OBSERVED source=concurrent-src-1 target=concurrent-tgt-1
2026-05-17T18:06:58.138+05:30  INFO 266362 --- [service-dependency-analyzer] [o-auto-1-exec-7] c.d.graph.ingestion.IngestionService     : Publishing single event eventId=4c750105-a6c5-4716-b826-f9d31bacdf37 type=DEPENDENCY_OBSERVED source=concurrent-src-0 target=concurrent-tgt-1
2026-05-17T18:06:58.138+05:30  INFO 266362 --- [service-dependency-analyzer] [o-auto-1-exec-9] c.d.graph.ingestion.IngestionService     : Publishing single event eventId=4233750e-caa5-4c7b-ae12-4714d784779a type=DEPENDENCY_OBSERVED source=concurrent-src-2 target=concurrent-tgt-1
2026-05-17T18:06:58.153+05:30  INFO 266362 --- [service-dependency-analyzer] [o-auto-1-exec-1] c.d.graph.ingestion.IngestionService     : Publishing single event eventId=67646518-c5e3-42f9-b08b-f83c19037623 type=DEPENDENCY_OBSERVED source=concurrent-src-1 target=concurrent-tgt-2
2026-05-17T18:06:58.155+05:30  INFO 266362 --- [service-dependency-analyzer] [-auto-1-exec-10] c.d.graph.ingestion.IngestionService     : Publishing single event eventId=84d679e5-8e9d-43d7-8e8e-ac59d90775ae type=DEPENDENCY_OBSERVED source=concurrent-src-0 target=concurrent-tgt-2
2026-05-17T18:06:58.157+05:30  INFO 266362 --- [service-dependency-analyzer] [o-auto-1-exec-2] c.d.graph.ingestion.IngestionService     : Publishing single event eventId=8a1af7e9-5e75-4122-b5a6-6cb6977f956b type=DEPENDENCY_OBSERVED source=concurrent-src-2 target=concurrent-tgt-2
2026-05-17T18:06:58.180+05:30  INFO 266362 --- [service-dependency-analyzer] [o-auto-1-exec-3] c.d.graph.ingestion.IngestionService     : Publishing single event eventId=1c651faf-9e31-425d-9136-74f119cd529e type=DEPENDENCY_OBSERVED source=concurrent-src-0 target=concurrent-tgt-3
2026-05-17T18:06:58.189+05:30  INFO 266362 --- [service-dependency-analyzer] [o-auto-1-exec-4] c.d.graph.ingestion.IngestionService     : Publishing single event eventId=9ac10ef7-2b3b-4bbf-bea5-de63e8bc2d36 type=DEPENDENCY_OBSERVED source=concurrent-src-1 target=concurrent-tgt-3
2026-05-17T18:06:58.199+05:30  INFO 266362 --- [service-dependency-analyzer] [o-auto-1-exec-6] c.d.graph.ingestion.IngestionService     : Publishing single event eventId=f777a306-f7b3-4ad6-9c75-aa2150ab9bf5 type=DEPENDENCY_OBSERVED source=concurrent-src-2 target=concurrent-tgt-3
2026-05-17T18:06:58.208+05:30  INFO 266362 --- [service-dependency-analyzer] [o-auto-1-exec-5] c.d.graph.ingestion.IngestionService     : Publishing single event eventId=67f72eaf-6e8f-4b09-b1ae-89590406cb6d type=DEPENDENCY_OBSERVED source=concurrent-src-0 target=concurrent-tgt-4
2026-05-17T18:06:58.218+05:30  INFO 266362 --- [service-dependency-analyzer] [o-auto-1-exec-7] c.d.graph.ingestion.IngestionService     : Publishing single event eventId=ac9b98c6-2110-433e-9411-69ac531d8c97 type=DEPENDENCY_OBSERVED source=concurrent-src-1 target=concurrent-tgt-4
2026-05-17T18:06:58.279+05:30  INFO 266362 --- [service-dependency-analyzer] [o-auto-1-exec-8] c.d.graph.ingestion.IngestionService     : Publishing single event eventId=1c68a8cf-7907-4363-bb7c-d0efcf0467f7 type=DEPENDENCY_OBSERVED source=concurrent-src-2 target=concurrent-tgt-4
2026-05-17T18:06:58.281+05:30  INFO 266362 --- [service-dependency-analyzer] [-auto-1-exec-10] c.d.graph.ingestion.IngestionService     : Publishing single event eventId=a25108ee-28c4-49eb-ac48-956495942b77 type=DEPENDENCY_OBSERVED source=concurrent-src-0 target=concurrent-tgt-5
2026-05-17T18:06:58.287+05:30  INFO 266362 --- [service-dependency-analyzer] [o-auto-1-exec-9] c.d.graph.ingestion.IngestionService     : Publishing single event eventId=a06cf378-8156-4e1d-b627-2e7945f35359 type=DEPENDENCY_OBSERVED source=concurrent-src-1 target=concurrent-tgt-5
2026-05-17T18:06:58.299+05:30  INFO 266362 --- [service-dependency-analyzer] [o-auto-1-exec-1] c.d.graph.ingestion.IngestionService     : Publishing single event eventId=1291e7dd-2019-43b4-9afd-e296134de374 type=DEPENDENCY_OBSERVED source=concurrent-src-1 target=concurrent-tgt-6
2026-05-17T18:06:58.307+05:30  INFO 266362 --- [service-dependency-analyzer] [o-auto-1-exec-2] c.d.graph.ingestion.IngestionService     : Publishing single event eventId=18c28a75-3ff6-4d5d-aa5f-43fd1d7d975a type=DEPENDENCY_OBSERVED source=concurrent-src-0 target=concurrent-tgt-6
2026-05-17T18:06:58.311+05:30  INFO 266362 --- [service-dependency-analyzer] [o-auto-1-exec-3] c.d.graph.ingestion.IngestionService     : Publishing single event eventId=e8b48bea-0ff4-4874-9faf-4ee54adfe9ec type=DEPENDENCY_OBSERVED source=concurrent-src-2 target=concurrent-tgt-5
2026-05-17T18:06:58.333+05:30  INFO 266362 --- [service-dependency-analyzer] [o-auto-1-exec-6] c.d.graph.ingestion.IngestionService     : Publishing single event eventId=30b5d17b-6e39-4636-97eb-bec2ec795a11 type=DEPENDENCY_OBSERVED source=concurrent-src-1 target=concurrent-tgt-7
2026-05-17T18:06:58.335+05:30  INFO 266362 --- [service-dependency-analyzer] [o-auto-1-exec-7] c.d.graph.ingestion.IngestionService     : Publishing single event eventId=f83b5c1c-0a44-4044-aa0d-0bb03190613a type=DEPENDENCY_OBSERVED source=concurrent-src-0 target=concurrent-tgt-7
2026-05-17T18:06:58.340+05:30  INFO 266362 --- [service-dependency-analyzer] [o-auto-1-exec-4] c.d.graph.ingestion.IngestionService     : Publishing single event eventId=309afa1a-dc3a-41a9-86d7-9a91c9be87eb type=DEPENDENCY_OBSERVED source=concurrent-src-2 target=concurrent-tgt-6
2026-05-17T18:06:58.350+05:30  INFO 266362 --- [service-dependency-analyzer] [o-auto-1-exec-5] c.d.graph.ingestion.IngestionService     : Publishing single event eventId=96162525-2cb4-421c-b170-fe653577f1e2 type=DEPENDENCY_OBSERVED source=concurrent-src-0 target=concurrent-tgt-8
2026-05-17T18:06:58.353+05:30  INFO 266362 --- [service-dependency-analyzer] [o-auto-1-exec-4] c.d.graph.ingestion.IngestionService     : Publishing single event eventId=d37f0d7e-7613-4ef9-91bf-fc9c8d379c65 type=DEPENDENCY_OBSERVED source=concurrent-src-1 target=concurrent-tgt-8
2026-05-17T18:06:58.362+05:30  INFO 266362 --- [service-dependency-analyzer] [o-auto-1-exec-8] c.d.graph.ingestion.IngestionService     : Publishing single event eventId=06ecaf0e-5202-44e6-8193-1e22228ae3d5 type=DEPENDENCY_OBSERVED source=concurrent-src-2 target=concurrent-tgt-7
2026-05-17T18:06:58.369+05:30  INFO 266362 --- [service-dependency-analyzer] [o-auto-1-exec-4] c.d.graph.ingestion.IngestionService     : Publishing single event eventId=53265783-0a44-4d49-8984-f9b54988be92 type=DEPENDENCY_OBSERVED source=concurrent-src-0 target=concurrent-tgt-9
2026-05-17T18:06:58.370+05:30  INFO 266362 --- [service-dependency-analyzer] [o-auto-1-exec-2] c.d.graph.ingestion.IngestionService     : Publishing single event eventId=d4e82e20-5cc6-4a5e-933c-83f5eca4351a type=DEPENDENCY_OBSERVED source=concurrent-src-1 target=concurrent-tgt-9
2026-05-17T18:06:58.385+05:30  INFO 266362 --- [service-dependency-analyzer] [o-auto-1-exec-1] c.d.graph.ingestion.IngestionService     : Publishing single event eventId=327cc516-153e-42ee-affe-e951729bb121 type=DEPENDENCY_OBSERVED source=concurrent-src-0 target=concurrent-tgt-10
2026-05-17T18:06:58.393+05:30  INFO 266362 --- [service-dependency-analyzer] [o-auto-1-exec-3] c.d.graph.ingestion.IngestionService     : Publishing single event eventId=10bb7ffa-bffa-43c2-a28d-11d540a29b5b type=DEPENDENCY_OBSERVED source=concurrent-src-2 target=concurrent-tgt-8
2026-05-17T18:06:58.410+05:30  INFO 266362 --- [service-dependency-analyzer] [o-auto-1-exec-1] c.d.graph.ingestion.IngestionService     : Publishing single event eventId=463b73af-fbc6-4df7-8acd-c74215a3b923 type=DEPENDENCY_OBSERVED source=concurrent-src-1 target=concurrent-tgt-10
2026-05-17T18:06:58.412+05:30  INFO 266362 --- [service-dependency-analyzer] [o-auto-1-exec-7] c.d.graph.ingestion.IngestionService     : Publishing single event eventId=fa26b7f6-45ae-41dd-98eb-0210e17229e8 type=DEPENDENCY_OBSERVED source=concurrent-src-0 target=concurrent-tgt-11
2026-05-17T18:06:58.422+05:30  INFO 266362 --- [service-dependency-analyzer] [o-auto-1-exec-9] c.d.graph.ingestion.IngestionService     : Publishing single event eventId=f86dc921-8d5c-435b-95a8-9914cdd260f5 type=DEPENDENCY_OBSERVED source=concurrent-src-2 target=concurrent-tgt-9
2026-05-17T18:06:58.433+05:30  INFO 266362 --- [service-dependency-analyzer] [o-auto-1-exec-5] c.d.graph.ingestion.IngestionService     : Publishing single event eventId=d9a4700d-4d3e-41eb-b3a1-87742f96c36c type=DEPENDENCY_OBSERVED source=concurrent-src-1 target=concurrent-tgt-11
2026-05-17T18:06:58.439+05:30  INFO 266362 --- [service-dependency-analyzer] [-auto-1-exec-10] c.d.graph.ingestion.IngestionService     : Publishing single event eventId=f401dd0d-9e10-4335-b7b2-ccb57b14ad32 type=DEPENDENCY_OBSERVED source=concurrent-src-0 target=concurrent-tgt-12
2026-05-17T18:06:58.444+05:30  INFO 266362 --- [service-dependency-analyzer] [o-auto-1-exec-8] c.d.graph.ingestion.IngestionService     : Publishing single event eventId=9753fab4-143c-4e39-906e-a2f9c619125c type=DEPENDENCY_OBSERVED source=concurrent-src-2 target=concurrent-tgt-10
2026-05-17T18:06:58.461+05:30  INFO 266362 --- [service-dependency-analyzer] [o-auto-1-exec-2] c.d.graph.ingestion.IngestionService     : Publishing single event eventId=4177ef4c-032a-4b2c-abb7-eb3760fe7f34 type=DEPENDENCY_OBSERVED source=concurrent-src-1 target=concurrent-tgt-12
2026-05-17T18:06:58.463+05:30  INFO 266362 --- [service-dependency-analyzer] [o-auto-1-exec-4] c.d.graph.ingestion.IngestionService     : Publishing single event eventId=3d956ac2-7314-46cc-a541-3274ff694629 type=DEPENDENCY_OBSERVED source=concurrent-src-0 target=concurrent-tgt-13
2026-05-17T18:06:58.474+05:30  INFO 266362 --- [service-dependency-analyzer] [o-auto-1-exec-6] c.d.graph.ingestion.IngestionService     : Publishing single event eventId=41f0108a-fce2-46d6-9bfa-a9eeb7375e18 type=DEPENDENCY_OBSERVED source=concurrent-src-2 target=concurrent-tgt-11
2026-05-17T18:06:58.479+05:30  INFO 266362 --- [service-dependency-analyzer] [o-auto-1-exec-3] c.d.graph.ingestion.IngestionService     : Publishing single event eventId=54f03b7f-204c-4f11-894b-7c57b98a4e5e type=DEPENDENCY_OBSERVED source=concurrent-src-0 target=concurrent-tgt-14
2026-05-17T18:06:58.483+05:30  INFO 266362 --- [service-dependency-analyzer] [o-auto-1-exec-7] c.d.graph.ingestion.IngestionService     : Publishing single event eventId=5dd1a447-a177-4998-aaf6-5aef7e835556 type=DEPENDENCY_OBSERVED source=concurrent-src-1 target=concurrent-tgt-13
2026-05-17T18:06:58.493+05:30  INFO 266362 --- [service-dependency-analyzer] [o-auto-1-exec-9] c.d.graph.ingestion.IngestionService     : Publishing single event eventId=e7a6d48c-6e79-4f76-9e78-7811f58651c6 type=DEPENDENCY_OBSERVED source=concurrent-src-0 target=concurrent-tgt-15
2026-05-17T18:06:58.499+05:30  INFO 266362 --- [service-dependency-analyzer] [o-auto-1-exec-7] c.d.graph.ingestion.IngestionService     : Publishing single event eventId=23241a10-cf98-435e-b12f-67612a3aaada type=DEPENDENCY_OBSERVED source=concurrent-src-2 target=concurrent-tgt-12
2026-05-17T18:06:58.510+05:30  INFO 266362 --- [service-dependency-analyzer] [o-auto-1-exec-5] c.d.graph.ingestion.IngestionService     : Publishing single event eventId=4587cd47-23d3-47cc-ba6f-c48ee221396d type=DEPENDENCY_OBSERVED source=concurrent-src-1 target=concurrent-tgt-14
2026-05-17T18:06:58.516+05:30  INFO 266362 --- [service-dependency-analyzer] [-auto-1-exec-10] c.d.graph.ingestion.IngestionService     : Publishing single event eventId=b1d76071-fa9e-42c3-9130-5df4934e743e type=DEPENDENCY_OBSERVED source=concurrent-src-0 target=concurrent-tgt-16
2026-05-17T18:06:58.518+05:30  INFO 266362 --- [service-dependency-analyzer] [o-auto-1-exec-8] c.d.graph.ingestion.IngestionService     : Publishing single event eventId=0df505ac-7c06-4432-8bc0-ede1d2cb8ba7 type=DEPENDENCY_OBSERVED source=concurrent-src-2 target=concurrent-tgt-13
2026-05-17T18:06:58.538+05:30  INFO 266362 --- [service-dependency-analyzer] [o-auto-1-exec-2] c.d.graph.ingestion.IngestionService     : Publishing single event eventId=725ed025-6ad2-4b2d-8c10-e7d6017b6e5e type=DEPENDENCY_OBSERVED source=concurrent-src-0 target=concurrent-tgt-17
2026-05-17T18:06:58.549+05:30  INFO 266362 --- [service-dependency-analyzer] [o-auto-1-exec-2] c.d.graph.ingestion.IngestionService     : Publishing single event eventId=87ffdb2b-335b-4f33-835e-39fc5186b67d type=DEPENDENCY_OBSERVED source=concurrent-src-1 target=concurrent-tgt-15
2026-05-17T18:06:58.551+05:30  INFO 266362 --- [service-dependency-analyzer] [o-auto-1-exec-4] c.d.graph.ingestion.IngestionService     : Publishing single event eventId=0d54e0f1-151a-4cf3-80c6-df8d95d3a71f type=DEPENDENCY_OBSERVED source=concurrent-src-2 target=concurrent-tgt-14
2026-05-17T18:06:58.561+05:30  INFO 266362 --- [service-dependency-analyzer] [o-auto-1-exec-4] c.d.graph.ingestion.IngestionService     : Publishing single event eventId=89844742-e59c-4a93-8356-99afb0919f37 type=DEPENDENCY_OBSERVED source=concurrent-src-0 target=concurrent-tgt-18
2026-05-17T18:06:58.569+05:30  INFO 266362 --- [service-dependency-analyzer] [o-auto-1-exec-1] c.d.graph.ingestion.IngestionService     : Publishing single event eventId=65485022-401e-44ea-9fd4-43325e974030 type=DEPENDENCY_OBSERVED source=concurrent-src-2 target=concurrent-tgt-15
2026-05-17T18:06:58.573+05:30  INFO 266362 --- [service-dependency-analyzer] [o-auto-1-exec-7] c.d.graph.ingestion.IngestionService     : Publishing single event eventId=c2a34581-0519-4537-9376-9e61fc48b5da type=DEPENDENCY_OBSERVED source=concurrent-src-1 target=concurrent-tgt-16
2026-05-17T18:06:58.579+05:30  INFO 266362 --- [service-dependency-analyzer] [o-auto-1-exec-9] c.d.graph.ingestion.IngestionService     : Publishing single event eventId=4a941ec2-8e35-4e71-9155-bc5d86b32154 type=DEPENDENCY_OBSERVED source=concurrent-src-0 target=concurrent-tgt-19
2026-05-17T18:06:58.596+05:30  INFO 266362 --- [service-dependency-analyzer] [-auto-1-exec-10] c.d.graph.ingestion.IngestionService     : Publishing single event eventId=d3f26d58-decf-4a1c-b8e9-a131e8ccc7ff type=DEPENDENCY_OBSERVED source=concurrent-src-3 target=concurrent-tgt-0
2026-05-17T18:06:58.598+05:30  INFO 266362 --- [service-dependency-analyzer] [o-auto-1-exec-5] c.d.graph.ingestion.IngestionService     : Publishing single event eventId=67eeb6c3-c6c5-494a-876e-a2f8e7e64878 type=DEPENDENCY_OBSERVED source=concurrent-src-2 target=concurrent-tgt-16
2026-05-17T18:06:58.601+05:30  INFO 266362 --- [service-dependency-analyzer] [o-auto-1-exec-8] c.d.graph.ingestion.IngestionService     : Publishing single event eventId=f81c2aab-58b6-4a0e-9572-84e4597c97c1 type=DEPENDENCY_OBSERVED source=concurrent-src-1 target=concurrent-tgt-17
2026-05-17T18:06:58.620+05:30  INFO 266362 --- [service-dependency-analyzer] [o-auto-1-exec-2] c.d.graph.ingestion.IngestionService     : Publishing single event eventId=ce7902d2-787c-4d2c-8125-90f18886f1ab type=DEPENDENCY_OBSERVED source=concurrent-src-3 target=concurrent-tgt-1
2026-05-17T18:06:58.621+05:30  INFO 266362 --- [service-dependency-analyzer] [o-auto-1-exec-6] c.d.graph.ingestion.IngestionService     : Publishing single event eventId=507b61e0-8bb0-4ea9-b914-8cb3646e85a1 type=DEPENDENCY_OBSERVED source=concurrent-src-2 target=concurrent-tgt-17
2026-05-17T18:06:58.622+05:30  INFO 266362 --- [service-dependency-analyzer] [o-auto-1-exec-3] c.d.graph.ingestion.IngestionService     : Publishing single event eventId=0b9eb035-672b-4107-9b70-b6fda8bcb41f type=DEPENDENCY_OBSERVED source=concurrent-src-1 target=concurrent-tgt-18
2026-05-17T18:06:58.640+05:30  INFO 266362 --- [service-dependency-analyzer] [o-auto-1-exec-1] c.d.graph.ingestion.IngestionService     : Publishing single event eventId=fa0c5b86-c8a3-41ee-9f8f-206a4dbc3cec type=DEPENDENCY_OBSERVED source=concurrent-src-1 target=concurrent-tgt-19
2026-05-17T18:06:58.646+05:30  INFO 266362 --- [service-dependency-analyzer] [o-auto-1-exec-4] c.d.graph.ingestion.IngestionService     : Publishing single event eventId=80d66b2a-309d-492c-a173-3bf5b8ba9277 type=DEPENDENCY_OBSERVED source=concurrent-src-2 target=concurrent-tgt-18
2026-05-17T18:06:58.649+05:30  INFO 266362 --- [service-dependency-analyzer] [o-auto-1-exec-9] c.d.graph.ingestion.IngestionService     : Publishing single event eventId=6adbfc1f-e1ad-4dee-a7a8-e044d0946082 type=DEPENDENCY_OBSERVED source=concurrent-src-3 target=concurrent-tgt-2
2026-05-17T18:06:58.674+05:30  INFO 266362 --- [service-dependency-analyzer] [o-auto-1-exec-5] c.d.graph.ingestion.IngestionService     : Publishing single event eventId=f7704f41-40f9-4f3f-8493-c01bd4f762b0 type=DEPENDENCY_OBSERVED source=concurrent-src-2 target=concurrent-tgt-19
2026-05-17T18:06:58.675+05:30  INFO 266362 --- [service-dependency-analyzer] [o-auto-1-exec-9] c.d.graph.ingestion.IngestionService     : Publishing single event eventId=466ec70f-564a-4b6f-9182-904f301c8a80 type=DEPENDENCY_OBSERVED source=concurrent-src-4 target=concurrent-tgt-0
2026-05-17T18:06:58.688+05:30  INFO 266362 --- [service-dependency-analyzer] [o-auto-1-exec-9] c.d.graph.ingestion.IngestionService     : Publishing single event eventId=7b11bcb4-c40c-43c1-acc4-12c0ca0590b5 type=DEPENDENCY_OBSERVED source=concurrent-src-3 target=concurrent-tgt-3
2026-05-17T18:06:58.699+05:30  INFO 266362 --- [service-dependency-analyzer] [-auto-1-exec-10] c.d.graph.ingestion.IngestionService     : Publishing single event eventId=8e1a036b-e1a5-45c3-ab48-79c538895bb3 type=DEPENDENCY_OBSERVED source=concurrent-src-4 target=concurrent-tgt-1
2026-05-17T18:06:58.713+05:30  INFO 266362 --- [service-dependency-analyzer] [o-auto-1-exec-2] c.d.graph.ingestion.IngestionService     : Publishing single event eventId=afa3466e-097d-4fe6-97d7-df5c64d78244 type=DEPENDENCY_OBSERVED source=concurrent-src-3 target=concurrent-tgt-4
2026-05-17T18:06:58.732+05:30  INFO 266362 --- [service-dependency-analyzer] [o-auto-1-exec-3] c.d.graph.ingestion.IngestionService     : Publishing single event eventId=b6ccbc59-317e-4227-991e-97691bc241df type=DEPENDENCY_OBSERVED source=concurrent-src-4 target=concurrent-tgt-2
2026-05-17T18:06:58.737+05:30  INFO 266362 --- [service-dependency-analyzer] [o-auto-1-exec-6] c.d.graph.ingestion.IngestionService     : Publishing single event eventId=9de65c32-55c4-44e9-8115-a9aa8cb67c03 type=DEPENDENCY_OBSERVED source=concurrent-src-3 target=concurrent-tgt-5
2026-05-17T18:06:58.754+05:30  INFO 266362 --- [service-dependency-analyzer] [o-auto-1-exec-1] c.d.graph.ingestion.IngestionService     : Publishing single event eventId=fdcb0098-b9b8-4117-bd41-c1b97eb57e03 type=DEPENDENCY_OBSERVED source=concurrent-src-4 target=concurrent-tgt-3
2026-05-17T18:06:58.776+05:30  INFO 266362 --- [service-dependency-analyzer] [o-auto-1-exec-4] c.d.graph.ingestion.IngestionService     : Publishing single event eventId=2b48933e-f63f-4fcf-a282-a2e24fdfda08 type=DEPENDENCY_OBSERVED source=concurrent-src-3 target=concurrent-tgt-6
2026-05-17T18:06:58.793+05:30  INFO 266362 --- [service-dependency-analyzer] [o-auto-1-exec-7] c.d.graph.ingestion.IngestionService     : Publishing single event eventId=ee669e94-d457-43e1-bfb0-6e09854b7c5a type=DEPENDENCY_OBSERVED source=concurrent-src-4 target=concurrent-tgt-4
2026-05-17T18:06:58.811+05:30  INFO 266362 --- [service-dependency-analyzer] [o-auto-1-exec-8] c.d.graph.ingestion.IngestionService     : Publishing single event eventId=2c0bb3f7-1897-4218-ac7d-5d6642e0f337 type=DEPENDENCY_OBSERVED source=concurrent-src-4 target=concurrent-tgt-5
2026-05-17T18:06:58.821+05:30  INFO 266362 --- [service-dependency-analyzer] [o-auto-1-exec-5] c.d.graph.ingestion.IngestionService     : Publishing single event eventId=55e47b26-0175-4989-8feb-28bcd3621873 type=DEPENDENCY_OBSERVED source=concurrent-src-3 target=concurrent-tgt-7
2026-05-17T18:06:58.834+05:30  INFO 266362 --- [service-dependency-analyzer] [o-auto-1-exec-9] c.d.graph.ingestion.IngestionService     : Publishing single event eventId=3d7e72da-4140-4f24-b5e5-953d785a41c7 type=DEPENDENCY_OBSERVED source=concurrent-src-4 target=concurrent-tgt-6
2026-05-17T18:06:58.851+05:30  INFO 266362 --- [service-dependency-analyzer] [-auto-1-exec-10] c.d.graph.ingestion.IngestionService     : Publishing single event eventId=8fa7d1c1-df01-466f-97d3-c3f7bc721457 type=DEPENDENCY_OBSERVED source=concurrent-src-3 target=concurrent-tgt-8
2026-05-17T18:06:58.859+05:30  INFO 266362 --- [service-dependency-analyzer] [o-auto-1-exec-2] c.d.graph.ingestion.IngestionService     : Publishing single event eventId=7d450e33-32d4-4509-b083-1c0a250f308b type=DEPENDENCY_OBSERVED source=concurrent-src-4 target=concurrent-tgt-7
2026-05-17T18:06:58.866+05:30  INFO 266362 --- [service-dependency-analyzer] [o-auto-1-exec-3] c.d.graph.ingestion.IngestionService     : Publishing single event eventId=0493113c-c607-41a5-affd-0ad2dcd39930 type=DEPENDENCY_OBSERVED source=concurrent-src-3 target=concurrent-tgt-9
2026-05-17T18:06:58.881+05:30  INFO 266362 --- [service-dependency-analyzer] [o-auto-1-exec-6] c.d.graph.ingestion.IngestionService     : Publishing single event eventId=ca861fbb-1c45-472e-aa0e-5c936f8bf231 type=DEPENDENCY_OBSERVED source=concurrent-src-4 target=concurrent-tgt-8
2026-05-17T18:06:58.893+05:30  INFO 266362 --- [service-dependency-analyzer] [o-auto-1-exec-1] c.d.graph.ingestion.IngestionService     : Publishing single event eventId=7ab6ba5d-021d-48f7-bf56-85e76d872e85 type=DEPENDENCY_OBSERVED source=concurrent-src-3 target=concurrent-tgt-10
2026-05-17T18:06:58.910+05:30  INFO 266362 --- [service-dependency-analyzer] [o-auto-1-exec-4] c.d.graph.ingestion.IngestionService     : Publishing single event eventId=76b50854-65d7-42a9-9ecf-1a8782106624 type=DEPENDENCY_OBSERVED source=concurrent-src-4 target=concurrent-tgt-9
2026-05-17T18:06:58.921+05:30  INFO 266362 --- [service-dependency-analyzer] [o-auto-1-exec-7] c.d.graph.ingestion.IngestionService     : Publishing single event eventId=ef8c99c0-b5c7-46bf-8a03-4dcda6eeed90 type=DEPENDENCY_OBSERVED source=concurrent-src-3 target=concurrent-tgt-11
2026-05-17T18:06:58.937+05:30  INFO 266362 --- [service-dependency-analyzer] [o-auto-1-exec-5] c.d.graph.ingestion.IngestionService     : Publishing single event eventId=9f7d6b69-3045-4003-9bde-279066dfe21e type=DEPENDENCY_OBSERVED source=concurrent-src-3 target=concurrent-tgt-12
2026-05-17T18:06:58.938+05:30  INFO 266362 --- [service-dependency-analyzer] [o-auto-1-exec-8] c.d.graph.ingestion.IngestionService     : Publishing single event eventId=30336e28-d350-4291-867b-7db6c8bc61b7 type=DEPENDENCY_OBSERVED source=concurrent-src-4 target=concurrent-tgt-10
2026-05-17T18:06:58.952+05:30  INFO 266362 --- [service-dependency-analyzer] [-auto-1-exec-10] c.d.graph.ingestion.IngestionService     : Publishing single event eventId=2df53049-c6d3-4797-8941-3bb4e718a8c0 type=DEPENDENCY_OBSERVED source=concurrent-src-3 target=concurrent-tgt-13
2026-05-17T18:06:58.953+05:30  INFO 266362 --- [service-dependency-analyzer] [o-auto-1-exec-9] c.d.graph.ingestion.IngestionService     : Publishing single event eventId=87de6927-bcf3-487c-b4e7-a8b82d9539fa type=DEPENDENCY_OBSERVED source=concurrent-src-4 target=concurrent-tgt-11
2026-05-17T18:06:58.969+05:30  INFO 266362 --- [service-dependency-analyzer] [o-auto-1-exec-2] c.d.graph.ingestion.IngestionService     : Publishing single event eventId=4741fae1-8aec-4804-a3e4-665663b936e6 type=DEPENDENCY_OBSERVED source=concurrent-src-3 target=concurrent-tgt-14
2026-05-17T18:06:58.969+05:30  INFO 266362 --- [service-dependency-analyzer] [o-auto-1-exec-3] c.d.graph.ingestion.IngestionService     : Publishing single event eventId=ea993d66-3e7d-4812-b30c-4b88954e28e8 type=DEPENDENCY_OBSERVED source=concurrent-src-4 target=concurrent-tgt-12
2026-05-17T18:06:58.980+05:30  INFO 266362 --- [service-dependency-analyzer] [o-auto-1-exec-6] c.d.graph.ingestion.IngestionService     : Publishing single event eventId=6db36f94-5089-478f-b94d-19e5c8fe9f28 type=DEPENDENCY_OBSERVED source=concurrent-src-4 target=concurrent-tgt-13
2026-05-17T18:06:58.988+05:30  INFO 266362 --- [service-dependency-analyzer] [o-auto-1-exec-1] c.d.graph.ingestion.IngestionService     : Publishing single event eventId=81e0fd93-3639-444a-b6b8-d1a0e6794654 type=DEPENDENCY_OBSERVED source=concurrent-src-3 target=concurrent-tgt-15
2026-05-17T18:06:58.990+05:30  INFO 266362 --- [service-dependency-analyzer] [o-auto-1-exec-7] c.d.graph.ingestion.IngestionService     : Publishing single event eventId=6e027d93-6bc2-4b96-aab2-c14677962b84 type=DEPENDENCY_OBSERVED source=concurrent-src-4 target=concurrent-tgt-14
2026-05-17T18:06:59.006+05:30  INFO 266362 --- [service-dependency-analyzer] [o-auto-1-exec-4] c.d.graph.ingestion.IngestionService     : Publishing single event eventId=3c30450c-d625-4d7c-8e92-b61c20d58c56 type=DEPENDENCY_OBSERVED source=concurrent-src-3 target=concurrent-tgt-16
2026-05-17T18:06:59.012+05:30  INFO 266362 --- [service-dependency-analyzer] [o-auto-1-exec-5] c.d.graph.ingestion.IngestionService     : Publishing single event eventId=8d6b871b-061e-4746-af85-e63cfcf6c836 type=DEPENDENCY_OBSERVED source=concurrent-src-4 target=concurrent-tgt-15
2026-05-17T18:06:59.019+05:30  INFO 266362 --- [service-dependency-analyzer] [o-auto-1-exec-8] c.d.graph.ingestion.IngestionService     : Publishing single event eventId=8a90cff2-a075-4fe2-9318-f4c24f3cf444 type=DEPENDENCY_OBSERVED source=concurrent-src-3 target=concurrent-tgt-17
2026-05-17T18:06:59.034+05:30  INFO 266362 --- [service-dependency-analyzer] [o-auto-1-exec-9] c.d.graph.ingestion.IngestionService     : Publishing single event eventId=d4d08de3-78f8-4143-b5c6-dbb6e13eb724 type=DEPENDENCY_OBSERVED source=concurrent-src-4 target=concurrent-tgt-16
2026-05-17T18:06:59.038+05:30  INFO 266362 --- [service-dependency-analyzer] [-auto-1-exec-10] c.d.graph.ingestion.IngestionService     : Publishing single event eventId=387ced17-f198-4808-881e-9aae2bb785d8 type=DEPENDENCY_OBSERVED source=concurrent-src-3 target=concurrent-tgt-18
2026-05-17T18:06:59.050+05:30  INFO 266362 --- [service-dependency-analyzer] [o-auto-1-exec-3] c.d.graph.ingestion.IngestionService     : Publishing single event eventId=97e65927-40eb-42fe-bc8a-16f556e7e5cb type=DEPENDENCY_OBSERVED source=concurrent-src-3 target=concurrent-tgt-19
2026-05-17T18:06:59.051+05:30  INFO 266362 --- [service-dependency-analyzer] [o-auto-1-exec-2] c.d.graph.ingestion.IngestionService     : Publishing single event eventId=0c27b79f-2ee5-4d55-978d-c2ce4be7b194 type=DEPENDENCY_OBSERVED source=concurrent-src-4 target=concurrent-tgt-17
2026-05-17T18:06:59.061+05:30  INFO 266362 --- [service-dependency-analyzer] [o-auto-1-exec-6] c.d.graph.ingestion.IngestionService     : Publishing single event eventId=41e754cb-4758-46bf-b8c5-6040793a5cbb type=DEPENDENCY_OBSERVED source=concurrent-src-4 target=concurrent-tgt-18
2026-05-17T18:06:59.083+05:30  INFO 266362 --- [service-dependency-analyzer] [o-auto-1-exec-1] c.d.graph.ingestion.IngestionService     : Publishing single event eventId=1d27b26a-a269-4d13-bf3c-776c477d11d5 type=DEPENDENCY_OBSERVED source=concurrent-src-4 target=concurrent-tgt-19
]]></system-out>
  </testcase>
  <testcase name="boundedQueueHandlesLoadExceedingCapacity" classname="e2e.IngestionPipelineE2ETest$ConcurrencyTests" time="0.33">
    <system-out><![CDATA[2026-05-17T18:06:59.314+05:30  INFO 266362 --- [service-dependency-analyzer] [o-auto-1-exec-7] c.d.graph.ingestion.EventProducer        : Ingestion batch starting requestedCount=1000 threads=2 queueCapacity=500 currentQueueSize=0
2026-05-17T18:06:59.336+05:30  INFO 266362 --- [service-dependency-analyzer] [pool-5-thread-2] c.d.graph.ingestion.EventProducer        : Producer thread started thread=pool-5-thread-2 eventsToPublish=500
2026-05-17T18:06:59.342+05:30  INFO 266362 --- [service-dependency-analyzer] [pool-5-thread-1] c.d.graph.ingestion.EventProducer        : Producer thread started thread=pool-5-thread-1 eventsToPublish=500
2026-05-17T18:06:59.344+05:30  WARN 266362 --- [service-dependency-analyzer] [ent-consumer-32] c.d.graph.graph.GraphStateManager        : Edge removal skipped — edge not found source=inventory-service target=recommendation-service eventId=47f97c87-989f-4b6e-93be-cf8bcaa2a4f0
2026-05-17T18:06:59.345+05:30  WARN 266362 --- [service-dependency-analyzer] [ent-consumer-32] c.d.graph.graph.GraphStateManager        : Edge removal skipped — edge not found source=order-service target=inventory-service eventId=e2ac57a3-58ae-43c3-8133-79240d932fc5
2026-05-17T18:06:59.346+05:30  WARN 266362 --- [service-dependency-analyzer] [ent-consumer-32] c.d.graph.graph.GraphStateManager        : Edge removal skipped — edge not found source=user-service target=billing-service eventId=e3b0ea93-ac9d-4f8b-bf69-fc1d879cc1b6
2026-05-17T18:06:59.347+05:30  WARN 266362 --- [service-dependency-analyzer] [ent-consumer-33] c.d.graph.graph.GraphStateManager        : Edge removal skipped — edge not found source=user-service target=recommendation-service eventId=14fee466-4582-4cb1-8fae-8e6312913d8d
2026-05-17T18:06:59.348+05:30  WARN 266362 --- [service-dependency-analyzer] [ent-consumer-33] c.d.graph.graph.GraphStateManager        : Edge removal skipped — edge not found source=payment-service target=inventory-service eventId=2e9c7791-7e71-45ce-bdb0-8529a63ef060
2026-05-17T18:06:59.365+05:30  WARN 266362 --- [service-dependency-analyzer] [ent-consumer-32] c.d.graph.graph.GraphStateManager        : Edge removal skipped — edge not found source=shipping-service target=notification-service eventId=1a2f34d7-e5a7-4bb5-8d91-65e6b1a24b84
2026-05-17T18:06:59.365+05:30  WARN 266362 --- [service-dependency-analyzer] [ent-consumer-32] c.d.graph.graph.GraphStateManager        : Edge removal skipped — edge not found source=cart-service target=payment-service eventId=61ac3a2f-8258-4514-9044-3aa00628bf24
2026-05-17T18:06:59.366+05:30  WARN 266362 --- [service-dependency-analyzer] [ent-consumer-32] c.d.graph.graph.GraphStateManager        : Edge removal skipped — edge not found source=catalog-service target=cache-service eventId=b0ece7f8-3592-4717-b1bd-fc618ee27a39
2026-05-17T18:06:59.367+05:30  WARN 266362 --- [service-dependency-analyzer] [ent-consumer-32] c.d.graph.graph.GraphStateManager        : Edge removal skipped — edge not found source=billing-service target=order-service eventId=6d200e47-b8a2-4331-b5ca-a051757f5feb
2026-05-17T18:06:59.367+05:30  WARN 266362 --- [service-dependency-analyzer] [ent-consumer-33] c.d.graph.graph.GraphStateManager        : Edge removal skipped — edge not found source=order-service target=shipping-service eventId=03a639ae-47e6-483a-ba78-e5fa22f2d070
2026-05-17T18:06:59.368+05:30  WARN 266362 --- [service-dependency-analyzer] [ent-consumer-33] c.d.graph.graph.GraphStateManager        : Edge removal skipped — edge not found source=recommendation-service target=payment-service eventId=9ea0de6c-1008-48c3-bbe9-6f233c8094af
2026-05-17T18:06:59.368+05:30  WARN 266362 --- [service-dependency-analyzer] [ent-consumer-32] c.d.graph.graph.GraphStateManager        : Edge removal skipped — edge not found source=shipping-service target=payment-service eventId=6c174f96-db03-4a72-a4fb-aa966f1ac32b
2026-05-17T18:06:59.369+05:30  WARN 266362 --- [service-dependency-analyzer] [ent-consumer-32] c.d.graph.graph.GraphStateManager        : Edge removal skipped — edge not found source=recommendation-service target=analytics-service eventId=b165fc6f-0c1a-47cb-87d2-67126cc2cbe5
2026-05-17T18:06:59.368+05:30  WARN 266362 --- [service-dependency-analyzer] [ent-consumer-33] c.d.graph.graph.GraphStateManager        : Edge removal skipped — edge not found source=cart-service target=order-service eventId=1863c6a1-56e7-47a8-bbe6-5af24095b748
2026-05-17T18:06:59.373+05:30  WARN 266362 --- [service-dependency-analyzer] [ent-consumer-33] c.d.graph.graph.GraphStateManager        : Edge removal skipped — edge not found source=shipping-service target=notification-service eventId=9c5a3cc2-eaaa-4201-9535-28495aba3cfe
2026-05-17T18:06:59.372+05:30  WARN 266362 --- [service-dependency-analyzer] [ent-consumer-32] c.d.graph.graph.GraphStateManager        : Edge removal skipped — edge not found source=user-service target=analytics-service eventId=d39802e0-1179-4542-98a1-24455b78692d
2026-05-17T18:06:59.381+05:30  WARN 266362 --- [service-dependency-analyzer] [ent-consumer-33] c.d.graph.graph.GraphStateManager        : Edge removal skipped — edge not found source=notification-service target=cache-service eventId=42dd34a0-770b-4e44-97d2-f33f2bfaf467
2026-05-17T18:06:59.381+05:30  WARN 266362 --- [service-dependency-analyzer] [ent-consumer-33] c.d.graph.graph.GraphStateManager        : Edge removal skipped — edge not found source=cart-service target=inventory-service eventId=2bf96e05-f772-469c-841a-a8e9f4bd94a3
2026-05-17T18:06:59.383+05:30  WARN 266362 --- [service-dependency-analyzer] [ent-consumer-32] c.d.graph.graph.GraphStateManager        : Edge removal skipped — edge not found source=auth-service target=payment-service eventId=ae9fe978-539f-4f1c-9e6b-0cf334ea4442
2026-05-17T18:06:59.385+05:30  WARN 266362 --- [service-dependency-analyzer] [ent-consumer-33] c.d.graph.graph.GraphStateManager        : Edge removal skipped — edge not found source=gateway-api target=cart-service eventId=e027f0d4-d82b-4f99-8b4e-cc26fa679fac
2026-05-17T18:06:59.385+05:30  WARN 266362 --- [service-dependency-analyzer] [ent-consumer-32] c.d.graph.graph.GraphStateManager        : Edge removal skipped — edge not found source=auth-service target=user-service eventId=9762e36c-b8b6-43bd-a4b9-d68444a77aae
2026-05-17T18:06:59.385+05:30  WARN 266362 --- [service-dependency-analyzer] [ent-consumer-32] c.d.graph.graph.GraphStateManager        : Edge removal skipped — edge not found source=recommendation-service target=search-service eventId=6ee13890-557f-4837-9a13-5b9828aea059
2026-05-17T18:06:59.386+05:30  WARN 266362 --- [service-dependency-analyzer] [ent-consumer-33] c.d.graph.graph.GraphStateManager        : Edge removal skipped — edge not found source=cart-service target=order-service eventId=76fb00b4-2cd7-4896-bcc9-dc4f54e4931b
2026-05-17T18:06:59.396+05:30  WARN 266362 --- [service-dependency-analyzer] [ent-consumer-33] c.d.graph.graph.GraphStateManager        : Edge removal skipped — edge not found source=recommendation-service target=payment-service eventId=1eb727f0-0dd8-4952-a400-fe396078378b
2026-05-17T18:06:59.397+05:30  WARN 266362 --- [service-dependency-analyzer] [ent-consumer-33] c.d.graph.graph.GraphStateManager        : Edge removal skipped — edge not found source=gateway-api target=recommendation-service eventId=a8004911-ccd6-4f78-88f2-7f658ba23627
2026-05-17T18:06:59.397+05:30  WARN 266362 --- [service-dependency-analyzer] [ent-consumer-33] c.d.graph.graph.GraphStateManager        : Edge removal skipped — edge not found source=auth-service target=catalog-service eventId=35480221-60a5-4f0e-8f45-5694d0e9de94
2026-05-17T18:06:59.405+05:30  WARN 266362 --- [service-dependency-analyzer] [ent-consumer-32] c.d.graph.graph.GraphStateManager        : Edge removal skipped — edge not found source=recommendation-service target=search-service eventId=f98cebdf-cdaa-4482-a43e-c116f24d01f2
2026-05-17T18:06:59.406+05:30  WARN 266362 --- [service-dependency-analyzer] [ent-consumer-32] c.d.graph.graph.GraphStateManager        : Edge removal skipped — edge not found source=payment-service target=search-service eventId=a7c55d52-d603-401f-917c-b84bdc8b460b
2026-05-17T18:06:59.410+05:30  WARN 266362 --- [service-dependency-analyzer] [ent-consumer-33] c.d.graph.graph.GraphStateManager        : Edge removal skipped — edge not found source=recommendation-service target=auth-service eventId=dc0b3f7d-64dc-4148-aaa5-0d2c56af4827
2026-05-17T18:06:59.411+05:30  WARN 266362 --- [service-dependency-analyzer] [ent-consumer-33] c.d.graph.graph.GraphStateManager        : Edge removal skipped — edge not found source=analytics-service target=inventory-service eventId=da3e7269-baac-4724-a8ba-ed539059c200
2026-05-17T18:06:59.411+05:30  WARN 266362 --- [service-dependency-analyzer] [ent-consumer-33] c.d.graph.graph.GraphStateManager        : Edge removal skipped — edge not found source=gateway-api target=catalog-service eventId=f2db3621-726f-416a-a520-a4c1b15f0d9e
2026-05-17T18:06:59.416+05:30  INFO 266362 --- [service-dependency-analyzer] [pool-5-thread-2] c.d.graph.ingestion.EventProducer        : Producer thread completed thread=pool-5-thread-2 published=500
2026-05-17T18:06:59.407+05:30  WARN 266362 --- [service-dependency-analyzer] [ent-consumer-32] c.d.graph.graph.GraphStateManager        : Edge removal skipped — edge not found source=auth-service target=cart-service eventId=855da85e-961e-4c36-a276-a9dd273ac67c
2026-05-17T18:06:59.420+05:30  WARN 266362 --- [service-dependency-analyzer] [ent-consumer-32] c.d.graph.graph.GraphStateManager        : Edge removal skipped — edge not found source=notification-service target=search-service eventId=174e49d7-a7f3-4f3e-8c92-1822c75100a1
2026-05-17T18:06:59.420+05:30  WARN 266362 --- [service-dependency-analyzer] [ent-consumer-32] c.d.graph.graph.GraphStateManager        : Edge removal skipped — edge not found source=auth-service target=user-service eventId=7d0c1d8c-4aa4-4dac-ba6e-6348983c5d5b
2026-05-17T18:06:59.421+05:30  WARN 266362 --- [service-dependency-analyzer] [ent-consumer-32] c.d.graph.graph.GraphStateManager        : Edge removal skipped — edge not found source=gateway-api target=shipping-service eventId=04eae177-d46b-41f1-80b5-6984b580f196
2026-05-17T18:06:59.424+05:30  WARN 266362 --- [service-dependency-analyzer] [ent-consumer-33] c.d.graph.graph.GraphStateManager        : Edge removal skipped — edge not found source=shipping-service target=recommendation-service eventId=a232628f-3822-4ad9-afe4-13a0e24eac69
2026-05-17T18:06:59.432+05:30  WARN 266362 --- [service-dependency-analyzer] [ent-consumer-32] c.d.graph.graph.GraphStateManager        : Edge removal skipped — edge not found source=gateway-api target=recommendation-service eventId=d8e22d20-66f9-4c0d-b530-e083fc7462bf
2026-05-17T18:06:59.434+05:30  WARN 266362 --- [service-dependency-analyzer] [ent-consumer-33] c.d.graph.graph.GraphStateManager        : Edge removal skipped — edge not found source=gateway-api target=payment-service eventId=f1515d0f-7563-494c-b610-f0875a093baa
2026-05-17T18:06:59.436+05:30  WARN 266362 --- [service-dependency-analyzer] [ent-consumer-33] c.d.graph.graph.GraphStateManager        : Edge removal skipped — edge not found source=inventory-service target=shipping-service eventId=b4181c82-9d01-4d8e-9d29-4aa2e0690f52
2026-05-17T18:06:59.446+05:30  WARN 266362 --- [service-dependency-analyzer] [ent-consumer-33] c.d.graph.graph.GraphStateManager        : Edge removal skipped — edge not found source=gateway-api target=search-service eventId=345b2379-09da-427f-886c-d22c4ebdbcaa
2026-05-17T18:06:59.447+05:30  WARN 266362 --- [service-dependency-analyzer] [ent-consumer-33] c.d.graph.graph.GraphStateManager        : Edge removal skipped — edge not found source=cart-service target=notification-service eventId=19f53055-4dcf-409c-b4b5-5ac041f033d1
2026-05-17T18:06:59.447+05:30  WARN 266362 --- [service-dependency-analyzer] [ent-consumer-33] c.d.graph.graph.GraphStateManager        : Edge removal skipped — edge not found source=user-service target=order-service eventId=6f6499fb-d8f7-4221-8f33-ef523ee996a4
2026-05-17T18:06:59.445+05:30  WARN 266362 --- [service-dependency-analyzer] [ent-consumer-32] c.d.graph.graph.GraphStateManager        : Edge removal skipped — edge not found source=recommendation-service target=order-service eventId=b7bd44b6-c583-41ad-9197-3673610b9281
2026-05-17T18:06:59.451+05:30  INFO 266362 --- [service-dependency-analyzer] [pool-5-thread-1] c.d.graph.ingestion.EventProducer        : Producer thread completed thread=pool-5-thread-1 published=500
2026-05-17T18:06:59.452+05:30  INFO 266362 --- [service-dependency-analyzer] [o-auto-1-exec-7] c.d.graph.ingestion.EventProducer        : Ingestion batch completed requestedCount=1000 publishedCount=1000 threads=2 durationMs=138 remainingQueueSize=382
2026-05-17T18:06:59.459+05:30  WARN 266362 --- [service-dependency-analyzer] [ent-consumer-32] c.d.graph.graph.GraphStateManager        : Edge removal skipped — edge not found source=order-service target=notification-service eventId=0925022e-08b9-40ab-b2aa-eeaf0059196b
2026-05-17T18:06:59.476+05:30  WARN 266362 --- [service-dependency-analyzer] [ent-consumer-32] c.d.graph.graph.GraphStateManager        : Edge removal skipped — edge not found source=order-service target=catalog-service eventId=32d1f21c-dbe1-4729-ac70-0c0d55ea8e09
2026-05-17T18:06:59.481+05:30  WARN 266362 --- [service-dependency-analyzer] [ent-consumer-32] c.d.graph.graph.GraphStateManager        : Edge removal skipped — edge not found source=search-service target=auth-service eventId=21ce60e0-1f9b-4ffe-a194-c0dd69633bb3
2026-05-17T18:06:59.482+05:30  WARN 266362 --- [service-dependency-analyzer] [ent-consumer-32] c.d.graph.graph.GraphStateManager        : Edge removal skipped — edge not found source=gateway-api target=notification-service eventId=45f0640a-e302-40ef-9182-532dcc6f9a33
2026-05-17T18:06:59.490+05:30  WARN 266362 --- [service-dependency-analyzer] [ent-consumer-32] c.d.graph.graph.GraphStateManager        : Edge removal skipped — edge not found source=user-service target=order-service eventId=09374599-a05c-4d7c-a8ec-d6ee75d3bc40
]]></system-out>
  </testcase>
</testsuite>